Duplicated file found; will not be sent for synthesis: /home/mario/Documents/GNULinradio/zybo_base_system/source/vivado/hw/zybo_bsd/zybo_bsd.srcs/sources_1/bd/system/ipshared/xilinx.com/axi_lite_ipif_v3_0/hdl/src/vhdl/ipif_pkg.vhd
Duplicated file found; will not be sent for synthesis: /home/mario/Documents/GNULinradio/zybo_base_system/source/vivado/hw/zybo_bsd/zybo_bsd.srcs/sources_1/bd/system/ipshared/xilinx.com/axi_lite_ipif_v3_0/hdl/src/vhdl/pselect_f.vhd
Duplicated file found; will not be sent for synthesis: /home/mario/Documents/GNULinradio/zybo_base_system/source/vivado/hw/zybo_bsd/zybo_bsd.srcs/sources_1/bd/system/ipshared/xilinx.com/axi_lite_ipif_v3_0/hdl/src/vhdl/address_decoder.vhd
Duplicated file found; will not be sent for synthesis: /home/mario/Documents/GNULinradio/zybo_base_system/source/vivado/hw/zybo_bsd/zybo_bsd.srcs/sources_1/bd/system/ipshared/xilinx.com/axi_lite_ipif_v3_0/hdl/src/vhdl/slave_attachment.vhd
Duplicated file found; will not be sent for synthesis: /home/mario/Documents/GNULinradio/zybo_base_system/source/vivado/hw/zybo_bsd/zybo_bsd.srcs/sources_1/bd/system/ipshared/xilinx.com/axi_lite_ipif_v3_0/hdl/src/vhdl/axi_lite_ipif.vhd
Duplicated file found; will not be sent for synthesis: /home/mario/Documents/GNULinradio/zybo_base_system/source/vivado/hw/zybo_bsd/zybo_bsd.srcs/sources_1/bd/system/ipshared/xilinx.com/lib_cdc_v1_0/hdl/src/vhdl/cdc_sync.vhd
Duplicated file found; will not be sent for synthesis: /home/mario/Documents/GNULinradio/zybo_base_system/source/vivado/hw/zybo_bsd/zybo_bsd.srcs/sources_1/bd/system/ipshared/xilinx.com/interrupt_control_v3_1/hdl/src/vhdl/interrupt_control.vhd
Duplicated file found; will not be sent for synthesis: /home/mario/Documents/GNULinradio/zybo_base_system/source/vivado/hw/zybo_bsd/zybo_bsd.srcs/sources_1/bd/system/ipshared/xilinx.com/axi_gpio_v2_0/hdl/src/vhdl/gpio_core.vhd
Duplicated file found; will not be sent for synthesis: /home/mario/Documents/GNULinradio/zybo_base_system/source/vivado/hw/zybo_bsd/zybo_bsd.srcs/sources_1/bd/system/ipshared/xilinx.com/axi_gpio_v2_0/hdl/src/vhdl/axi_gpio.vhd
Duplicated file found; will not be sent for synthesis: /home/mario/Documents/GNULinradio/zybo_base_system/source/vivado/hw/zybo_bsd/zybo_bsd.srcs/sources_1/bd/system/ip/system_axi_dispctrl_1_1/work/hdl/axi_dispctrl_v1_0.vhd
Duplicated file found; will not be sent for synthesis: /home/mario/Documents/GNULinradio/zybo_base_system/source/vivado/hw/zybo_bsd/zybo_bsd.srcs/sources_1/bd/system/ip/system_axi_dispctrl_1_1/work/hdl/vdma_to_vga.vhd
Duplicated file found; will not be sent for synthesis: /home/mario/Documents/GNULinradio/zybo_base_system/source/vivado/hw/zybo_bsd/zybo_bsd.srcs/sources_1/bd/system/ip/system_axi_dispctrl_1_1/work/hdl/axi_dispctrl_v1_0_S_AXI.vhd
Duplicated file found; will not be sent for synthesis: /home/mario/Documents/GNULinradio/zybo_base_system/source/vivado/hw/zybo_bsd/zybo_bsd.srcs/sources_1/bd/system/ip/system_axi_dispctrl_1_1/work/hdl/mmcme2_drp.v
Duplicated file found; will not be sent for synthesis: /home/mario/Documents/GNULinradio/zybo_base_system/source/vivado/hw/zybo_bsd/zybo_bsd.srcs/sources_1/bd/system/ipshared/xilinx.com/lib_cdc_v1_0/hdl/src/vhdl/cdc_sync.vhd
Duplicated file found; will not be sent for synthesis: /home/mario/Documents/GNULinradio/zybo_base_system/source/vivado/hw/zybo_bsd/zybo_bsd.srcs/sources_1/bd/system/ipshared/xilinx.com/blk_mem_gen_v8_3/hdl/blk_mem_gen_v8_3_vhsyn_rfs.vhd
Duplicated file found; will not be sent for synthesis: /home/mario/Documents/GNULinradio/zybo_base_system/source/vivado/hw/zybo_bsd/zybo_bsd.srcs/sources_1/bd/system/ipshared/xilinx.com/blk_mem_gen_v8_3/hdl/blk_mem_gen_v8_3.vhd
Duplicated file found; will not be sent for synthesis: /home/mario/Documents/GNULinradio/zybo_base_system/source/vivado/hw/zybo_bsd/zybo_bsd.srcs/sources_1/bd/system/ipshared/xilinx.com/fifo_generator_v13_0/hdl/fifo_generator_v13_0_vhsyn_rfs.vhd
Duplicated file found; will not be sent for synthesis: /home/mario/Documents/GNULinradio/zybo_base_system/source/vivado/hw/zybo_bsd/zybo_bsd.srcs/sources_1/bd/system/ipshared/xilinx.com/fifo_generator_v13_0/hdl/fifo_generator_v13_0.vhd
Duplicated file found; will not be sent for synthesis: /home/mario/Documents/GNULinradio/zybo_base_system/source/vivado/hw/zybo_bsd/zybo_bsd.srcs/sources_1/bd/system/ipshared/xilinx.com/lib_cdc_v1_0/hdl/src/vhdl/cdc_sync.vhd
Duplicated file found; will not be sent for synthesis: /home/mario/Documents/GNULinradio/zybo_base_system/source/vivado/hw/zybo_bsd/zybo_bsd.srcs/sources_1/bd/system/ipshared/xilinx.com/lib_pkg_v1_0/hdl/src/vhdl/lib_pkg.vhd
Duplicated file found; will not be sent for synthesis: /home/mario/Documents/GNULinradio/zybo_base_system/source/vivado/hw/zybo_bsd/zybo_bsd.srcs/sources_1/bd/system/ipshared/xilinx.com/lib_fifo_v1_0/hdl/src/vhdl/async_fifo_fg.vhd
Duplicated file found; will not be sent for synthesis: /home/mario/Documents/GNULinradio/zybo_base_system/source/vivado/hw/zybo_bsd/zybo_bsd.srcs/sources_1/bd/system/ipshared/xilinx.com/lib_fifo_v1_0/hdl/src/vhdl/sync_fifo_fg.vhd
Duplicated file found; will not be sent for synthesis: /home/mario/Documents/GNULinradio/zybo_base_system/source/vivado/hw/zybo_bsd/zybo_bsd.srcs/sources_1/bd/system/ipshared/xilinx.com/lib_bmg_v1_0/hdl/src/vhdl/blk_mem_gen_wrapper.vhd
Duplicated file found; will not be sent for synthesis: /home/mario/Documents/GNULinradio/zybo_base_system/source/vivado/hw/zybo_bsd/zybo_bsd.srcs/sources_1/bd/system/ipshared/xilinx.com/lib_srl_fifo_v1_0/hdl/src/vhdl/cntr_incr_decr_addn_f.vhd
Duplicated file found; will not be sent for synthesis: /home/mario/Documents/GNULinradio/zybo_base_system/source/vivado/hw/zybo_bsd/zybo_bsd.srcs/sources_1/bd/system/ipshared/xilinx.com/lib_srl_fifo_v1_0/hdl/src/vhdl/dynshreg_f.vhd
Duplicated file found; will not be sent for synthesis: /home/mario/Documents/GNULinradio/zybo_base_system/source/vivado/hw/zybo_bsd/zybo_bsd.srcs/sources_1/bd/system/ipshared/xilinx.com/lib_srl_fifo_v1_0/hdl/src/vhdl/srl_fifo_rbu_f.vhd
Duplicated file found; will not be sent for synthesis: /home/mario/Documents/GNULinradio/zybo_base_system/source/vivado/hw/zybo_bsd/zybo_bsd.srcs/sources_1/bd/system/ipshared/xilinx.com/lib_srl_fifo_v1_0/hdl/src/vhdl/srl_fifo_f.vhd
Duplicated file found; will not be sent for synthesis: /home/mario/Documents/GNULinradio/zybo_base_system/source/vivado/hw/zybo_bsd/zybo_bsd.srcs/sources_1/bd/system/ipshared/xilinx.com/axi_datamover_v5_1/hdl/src/vhdl/axi_datamover_reset.vhd
Duplicated file found; will not be sent for synthesis: /home/mario/Documents/GNULinradio/zybo_base_system/source/vivado/hw/zybo_bsd/zybo_bsd.srcs/sources_1/bd/system/ipshared/xilinx.com/axi_datamover_v5_1/hdl/src/vhdl/axi_datamover_afifo_autord.vhd
Duplicated file found; will not be sent for synthesis: /home/mario/Documents/GNULinradio/zybo_base_system/source/vivado/hw/zybo_bsd/zybo_bsd.srcs/sources_1/bd/system/ipshared/xilinx.com/axi_datamover_v5_1/hdl/src/vhdl/axi_datamover_sfifo_autord.vhd
Duplicated file found; will not be sent for synthesis: /home/mario/Documents/GNULinradio/zybo_base_system/source/vivado/hw/zybo_bsd/zybo_bsd.srcs/sources_1/bd/system/ipshared/xilinx.com/axi_datamover_v5_1/hdl/src/vhdl/axi_datamover_fifo.vhd
Duplicated file found; will not be sent for synthesis: /home/mario/Documents/GNULinradio/zybo_base_system/source/vivado/hw/zybo_bsd/zybo_bsd.srcs/sources_1/bd/system/ipshared/xilinx.com/axi_datamover_v5_1/hdl/src/vhdl/axi_datamover_cmd_status.vhd
Duplicated file found; will not be sent for synthesis: /home/mario/Documents/GNULinradio/zybo_base_system/source/vivado/hw/zybo_bsd/zybo_bsd.srcs/sources_1/bd/system/ipshared/xilinx.com/axi_datamover_v5_1/hdl/src/vhdl/axi_datamover_scc.vhd
Duplicated file found; will not be sent for synthesis: /home/mario/Documents/GNULinradio/zybo_base_system/source/vivado/hw/zybo_bsd/zybo_bsd.srcs/sources_1/bd/system/ipshared/xilinx.com/axi_datamover_v5_1/hdl/src/vhdl/axi_datamover_strb_gen2.vhd
Duplicated file found; will not be sent for synthesis: /home/mario/Documents/GNULinradio/zybo_base_system/source/vivado/hw/zybo_bsd/zybo_bsd.srcs/sources_1/bd/system/ipshared/xilinx.com/axi_datamover_v5_1/hdl/src/vhdl/axi_datamover_pcc.vhd
Duplicated file found; will not be sent for synthesis: /home/mario/Documents/GNULinradio/zybo_base_system/source/vivado/hw/zybo_bsd/zybo_bsd.srcs/sources_1/bd/system/ipshared/xilinx.com/axi_datamover_v5_1/hdl/src/vhdl/axi_datamover_addr_cntl.vhd
Duplicated file found; will not be sent for synthesis: /home/mario/Documents/GNULinradio/zybo_base_system/source/vivado/hw/zybo_bsd/zybo_bsd.srcs/sources_1/bd/system/ipshared/xilinx.com/axi_datamover_v5_1/hdl/src/vhdl/axi_datamover_rdmux.vhd
Duplicated file found; will not be sent for synthesis: /home/mario/Documents/GNULinradio/zybo_base_system/source/vivado/hw/zybo_bsd/zybo_bsd.srcs/sources_1/bd/system/ipshared/xilinx.com/axi_datamover_v5_1/hdl/src/vhdl/axi_datamover_rddata_cntl.vhd
Duplicated file found; will not be sent for synthesis: /home/mario/Documents/GNULinradio/zybo_base_system/source/vivado/hw/zybo_bsd/zybo_bsd.srcs/sources_1/bd/system/ipshared/xilinx.com/axi_datamover_v5_1/hdl/src/vhdl/axi_datamover_rd_status_cntl.vhd
Duplicated file found; will not be sent for synthesis: /home/mario/Documents/GNULinradio/zybo_base_system/source/vivado/hw/zybo_bsd/zybo_bsd.srcs/sources_1/bd/system/ipshared/xilinx.com/axi_datamover_v5_1/hdl/src/vhdl/axi_datamover_wr_demux.vhd
Duplicated file found; will not be sent for synthesis: /home/mario/Documents/GNULinradio/zybo_base_system/source/vivado/hw/zybo_bsd/zybo_bsd.srcs/sources_1/bd/system/ipshared/xilinx.com/axi_datamover_v5_1/hdl/src/vhdl/axi_datamover_wrdata_cntl.vhd
Duplicated file found; will not be sent for synthesis: /home/mario/Documents/GNULinradio/zybo_base_system/source/vivado/hw/zybo_bsd/zybo_bsd.srcs/sources_1/bd/system/ipshared/xilinx.com/axi_datamover_v5_1/hdl/src/vhdl/axi_datamover_wr_status_cntl.vhd
Duplicated file found; will not be sent for synthesis: /home/mario/Documents/GNULinradio/zybo_base_system/source/vivado/hw/zybo_bsd/zybo_bsd.srcs/sources_1/bd/system/ipshared/xilinx.com/axi_datamover_v5_1/hdl/src/vhdl/axi_datamover_skid2mm_buf.vhd
Duplicated file found; will not be sent for synthesis: /home/mario/Documents/GNULinradio/zybo_base_system/source/vivado/hw/zybo_bsd/zybo_bsd.srcs/sources_1/bd/system/ipshared/xilinx.com/axi_datamover_v5_1/hdl/src/vhdl/axi_datamover_skid_buf.vhd
Duplicated file found; will not be sent for synthesis: /home/mario/Documents/GNULinradio/zybo_base_system/source/vivado/hw/zybo_bsd/zybo_bsd.srcs/sources_1/bd/system/ipshared/xilinx.com/axi_datamover_v5_1/hdl/src/vhdl/axi_datamover_rd_sf.vhd
Duplicated file found; will not be sent for synthesis: /home/mario/Documents/GNULinradio/zybo_base_system/source/vivado/hw/zybo_bsd/zybo_bsd.srcs/sources_1/bd/system/ipshared/xilinx.com/axi_datamover_v5_1/hdl/src/vhdl/axi_datamover_wr_sf.vhd
Duplicated file found; will not be sent for synthesis: /home/mario/Documents/GNULinradio/zybo_base_system/source/vivado/hw/zybo_bsd/zybo_bsd.srcs/sources_1/bd/system/ipshared/xilinx.com/axi_datamover_v5_1/hdl/src/vhdl/axi_datamover_stbs_set.vhd
Duplicated file found; will not be sent for synthesis: /home/mario/Documents/GNULinradio/zybo_base_system/source/vivado/hw/zybo_bsd/zybo_bsd.srcs/sources_1/bd/system/ipshared/xilinx.com/axi_datamover_v5_1/hdl/src/vhdl/axi_datamover_stbs_set_nodre.vhd
Duplicated file found; will not be sent for synthesis: /home/mario/Documents/GNULinradio/zybo_base_system/source/vivado/hw/zybo_bsd/zybo_bsd.srcs/sources_1/bd/system/ipshared/xilinx.com/axi_datamover_v5_1/hdl/src/vhdl/axi_datamover_ibttcc.vhd
Duplicated file found; will not be sent for synthesis: /home/mario/Documents/GNULinradio/zybo_base_system/source/vivado/hw/zybo_bsd/zybo_bsd.srcs/sources_1/bd/system/ipshared/xilinx.com/axi_datamover_v5_1/hdl/src/vhdl/axi_datamover_indet_btt.vhd
Duplicated file found; will not be sent for synthesis: /home/mario/Documents/GNULinradio/zybo_base_system/source/vivado/hw/zybo_bsd/zybo_bsd.srcs/sources_1/bd/system/ipshared/xilinx.com/axi_datamover_v5_1/hdl/src/vhdl/axi_datamover_dre_mux2_1_x_n.vhd
Duplicated file found; will not be sent for synthesis: /home/mario/Documents/GNULinradio/zybo_base_system/source/vivado/hw/zybo_bsd/zybo_bsd.srcs/sources_1/bd/system/ipshared/xilinx.com/axi_datamover_v5_1/hdl/src/vhdl/axi_datamover_dre_mux4_1_x_n.vhd
Duplicated file found; will not be sent for synthesis: /home/mario/Documents/GNULinradio/zybo_base_system/source/vivado/hw/zybo_bsd/zybo_bsd.srcs/sources_1/bd/system/ipshared/xilinx.com/axi_datamover_v5_1/hdl/src/vhdl/axi_datamover_dre_mux8_1_x_n.vhd
Duplicated file found; will not be sent for synthesis: /home/mario/Documents/GNULinradio/zybo_base_system/source/vivado/hw/zybo_bsd/zybo_bsd.srcs/sources_1/bd/system/ipshared/xilinx.com/axi_datamover_v5_1/hdl/src/vhdl/axi_datamover_mm2s_dre.vhd
Duplicated file found; will not be sent for synthesis: /home/mario/Documents/GNULinradio/zybo_base_system/source/vivado/hw/zybo_bsd/zybo_bsd.srcs/sources_1/bd/system/ipshared/xilinx.com/axi_datamover_v5_1/hdl/src/vhdl/axi_datamover_s2mm_dre.vhd
Duplicated file found; will not be sent for synthesis: /home/mario/Documents/GNULinradio/zybo_base_system/source/vivado/hw/zybo_bsd/zybo_bsd.srcs/sources_1/bd/system/ipshared/xilinx.com/axi_datamover_v5_1/hdl/src/vhdl/axi_datamover_ms_strb_set.vhd
Duplicated file found; will not be sent for synthesis: /home/mario/Documents/GNULinradio/zybo_base_system/source/vivado/hw/zybo_bsd/zybo_bsd.srcs/sources_1/bd/system/ipshared/xilinx.com/axi_datamover_v5_1/hdl/src/vhdl/axi_datamover_mssai_skid_buf.vhd
Duplicated file found; will not be sent for synthesis: /home/mario/Documents/GNULinradio/zybo_base_system/source/vivado/hw/zybo_bsd/zybo_bsd.srcs/sources_1/bd/system/ipshared/xilinx.com/axi_datamover_v5_1/hdl/src/vhdl/axi_datamover_slice.vhd
Duplicated file found; will not be sent for synthesis: /home/mario/Documents/GNULinradio/zybo_base_system/source/vivado/hw/zybo_bsd/zybo_bsd.srcs/sources_1/bd/system/ipshared/xilinx.com/axi_datamover_v5_1/hdl/src/vhdl/axi_datamover_s2mm_scatter.vhd
Duplicated file found; will not be sent for synthesis: /home/mario/Documents/GNULinradio/zybo_base_system/source/vivado/hw/zybo_bsd/zybo_bsd.srcs/sources_1/bd/system/ipshared/xilinx.com/axi_datamover_v5_1/hdl/src/vhdl/axi_datamover_s2mm_realign.vhd
Duplicated file found; will not be sent for synthesis: /home/mario/Documents/GNULinradio/zybo_base_system/source/vivado/hw/zybo_bsd/zybo_bsd.srcs/sources_1/bd/system/ipshared/xilinx.com/axi_datamover_v5_1/hdl/src/vhdl/axi_datamover_s2mm_basic_wrap.vhd
Duplicated file found; will not be sent for synthesis: /home/mario/Documents/GNULinradio/zybo_base_system/source/vivado/hw/zybo_bsd/zybo_bsd.srcs/sources_1/bd/system/ipshared/xilinx.com/axi_datamover_v5_1/hdl/src/vhdl/axi_datamover_s2mm_omit_wrap.vhd
Duplicated file found; will not be sent for synthesis: /home/mario/Documents/GNULinradio/zybo_base_system/source/vivado/hw/zybo_bsd/zybo_bsd.srcs/sources_1/bd/system/ipshared/xilinx.com/axi_datamover_v5_1/hdl/src/vhdl/axi_datamover_s2mm_full_wrap.vhd
Duplicated file found; will not be sent for synthesis: /home/mario/Documents/GNULinradio/zybo_base_system/source/vivado/hw/zybo_bsd/zybo_bsd.srcs/sources_1/bd/system/ipshared/xilinx.com/axi_datamover_v5_1/hdl/src/vhdl/axi_datamover_mm2s_basic_wrap.vhd
Duplicated file found; will not be sent for synthesis: /home/mario/Documents/GNULinradio/zybo_base_system/source/vivado/hw/zybo_bsd/zybo_bsd.srcs/sources_1/bd/system/ipshared/xilinx.com/axi_datamover_v5_1/hdl/src/vhdl/axi_datamover_mm2s_omit_wrap.vhd
Duplicated file found; will not be sent for synthesis: /home/mario/Documents/GNULinradio/zybo_base_system/source/vivado/hw/zybo_bsd/zybo_bsd.srcs/sources_1/bd/system/ipshared/xilinx.com/axi_datamover_v5_1/hdl/src/vhdl/axi_datamover_mm2s_full_wrap.vhd
Duplicated file found; will not be sent for synthesis: /home/mario/Documents/GNULinradio/zybo_base_system/source/vivado/hw/zybo_bsd/zybo_bsd.srcs/sources_1/bd/system/ipshared/xilinx.com/axi_datamover_v5_1/hdl/src/vhdl/axi_datamover.vhd
Duplicated file found; will not be sent for synthesis: /home/mario/Documents/GNULinradio/zybo_base_system/source/vivado/hw/zybo_bsd/zybo_bsd.srcs/sources_1/bd/system/ipshared/xilinx.com/axi_vdma_v6_2/hdl/src/verilog/axi_vdma_v6_2_6_axis_infrastructure_v1_0_axis_infrastructure.vh
Duplicated file found; will not be sent for synthesis: /home/mario/Documents/GNULinradio/zybo_base_system/source/vivado/hw/zybo_bsd/zybo_bsd.srcs/sources_1/bd/system/ipshared/xilinx.com/axi_vdma_v6_2/hdl/src/verilog/axi_vdma_v6_2_axis_infrastructure_v1_0_util_axis2vector.v
Duplicated file found; will not be sent for synthesis: /home/mario/Documents/GNULinradio/zybo_base_system/source/vivado/hw/zybo_bsd/zybo_bsd.srcs/sources_1/bd/system/ipshared/xilinx.com/axi_vdma_v6_2/hdl/src/verilog/axi_vdma_v6_2_axis_infrastructure_v1_0_util_vector2axis.v
Duplicated file found; will not be sent for synthesis: /home/mario/Documents/GNULinradio/zybo_base_system/source/vivado/hw/zybo_bsd/zybo_bsd.srcs/sources_1/bd/system/ipshared/xilinx.com/axi_vdma_v6_2/hdl/src/verilog/axi_vdma_v6_2_axis_register_slice_v1_0_axisc_register_slice.v
Duplicated file found; will not be sent for synthesis: /home/mario/Documents/GNULinradio/zybo_base_system/source/vivado/hw/zybo_bsd/zybo_bsd.srcs/sources_1/bd/system/ipshared/xilinx.com/axi_vdma_v6_2/hdl/src/verilog/axi_vdma_v6_2_axis_register_slice_v1_0_axis_register_slice.v
Duplicated file found; will not be sent for synthesis: /home/mario/Documents/GNULinradio/zybo_base_system/source/vivado/hw/zybo_bsd/zybo_bsd.srcs/sources_1/bd/system/ipshared/xilinx.com/axi_vdma_v6_2/hdl/src/verilog/axi_vdma_v6_2_axis_dwidth_converter_v1_0_axisc_upsizer.v
Duplicated file found; will not be sent for synthesis: /home/mario/Documents/GNULinradio/zybo_base_system/source/vivado/hw/zybo_bsd/zybo_bsd.srcs/sources_1/bd/system/ipshared/xilinx.com/axi_vdma_v6_2/hdl/src/verilog/axi_vdma_v6_2_axis_dwidth_converter_v1_0_axisc_downsizer.v
Duplicated file found; will not be sent for synthesis: /home/mario/Documents/GNULinradio/zybo_base_system/source/vivado/hw/zybo_bsd/zybo_bsd.srcs/sources_1/bd/system/ipshared/xilinx.com/axi_vdma_v6_2/hdl/src/verilog/axi_vdma_v6_2_axis_dwidth_converter_v1_0_axis_dwidth_converter.v
Duplicated file found; will not be sent for synthesis: /home/mario/Documents/GNULinradio/zybo_base_system/source/vivado/hw/zybo_bsd/zybo_bsd.srcs/sources_1/bd/system/ipshared/xilinx.com/axi_vdma_v6_2/hdl/src/vhdl/axi_sg_pkg.vhd
Duplicated file found; will not be sent for synthesis: /home/mario/Documents/GNULinradio/zybo_base_system/source/vivado/hw/zybo_bsd/zybo_bsd.srcs/sources_1/bd/system/ipshared/xilinx.com/axi_vdma_v6_2/hdl/src/vhdl/axi_sg_ftch_sm.vhd
Duplicated file found; will not be sent for synthesis: /home/mario/Documents/GNULinradio/zybo_base_system/source/vivado/hw/zybo_bsd/zybo_bsd.srcs/sources_1/bd/system/ipshared/xilinx.com/axi_vdma_v6_2/hdl/src/vhdl/axi_sg_ftch_pntr.vhd
Duplicated file found; will not be sent for synthesis: /home/mario/Documents/GNULinradio/zybo_base_system/source/vivado/hw/zybo_bsd/zybo_bsd.srcs/sources_1/bd/system/ipshared/xilinx.com/axi_vdma_v6_2/hdl/src/vhdl/axi_sg_ftch_cmdsts_if.vhd
Duplicated file found; will not be sent for synthesis: /home/mario/Documents/GNULinradio/zybo_base_system/source/vivado/hw/zybo_bsd/zybo_bsd.srcs/sources_1/bd/system/ipshared/xilinx.com/axi_vdma_v6_2/hdl/src/vhdl/axi_sg_ftch_mngr.vhd
Duplicated file found; will not be sent for synthesis: /home/mario/Documents/GNULinradio/zybo_base_system/source/vivado/hw/zybo_bsd/zybo_bsd.srcs/sources_1/bd/system/ipshared/xilinx.com/axi_vdma_v6_2/hdl/src/vhdl/axi_sg_afifo_autord.vhd
Duplicated file found; will not be sent for synthesis: /home/mario/Documents/GNULinradio/zybo_base_system/source/vivado/hw/zybo_bsd/zybo_bsd.srcs/sources_1/bd/system/ipshared/xilinx.com/axi_vdma_v6_2/hdl/src/vhdl/axi_sg_ftch_queue.vhd
Duplicated file found; will not be sent for synthesis: /home/mario/Documents/GNULinradio/zybo_base_system/source/vivado/hw/zybo_bsd/zybo_bsd.srcs/sources_1/bd/system/ipshared/xilinx.com/axi_vdma_v6_2/hdl/src/vhdl/axi_sg_ftch_noqueue.vhd
Duplicated file found; will not be sent for synthesis: /home/mario/Documents/GNULinradio/zybo_base_system/source/vivado/hw/zybo_bsd/zybo_bsd.srcs/sources_1/bd/system/ipshared/xilinx.com/axi_vdma_v6_2/hdl/src/vhdl/axi_sg_ftch_q_mngr.vhd
Duplicated file found; will not be sent for synthesis: /home/mario/Documents/GNULinradio/zybo_base_system/source/vivado/hw/zybo_bsd/zybo_bsd.srcs/sources_1/bd/system/ipshared/xilinx.com/axi_vdma_v6_2/hdl/src/vhdl/axi_sg_updt_cmdsts_if.vhd
Duplicated file found; will not be sent for synthesis: /home/mario/Documents/GNULinradio/zybo_base_system/source/vivado/hw/zybo_bsd/zybo_bsd.srcs/sources_1/bd/system/ipshared/xilinx.com/axi_vdma_v6_2/hdl/src/vhdl/axi_sg_updt_sm.vhd
Duplicated file found; will not be sent for synthesis: /home/mario/Documents/GNULinradio/zybo_base_system/source/vivado/hw/zybo_bsd/zybo_bsd.srcs/sources_1/bd/system/ipshared/xilinx.com/axi_vdma_v6_2/hdl/src/vhdl/axi_sg_updt_mngr.vhd
Duplicated file found; will not be sent for synthesis: /home/mario/Documents/GNULinradio/zybo_base_system/source/vivado/hw/zybo_bsd/zybo_bsd.srcs/sources_1/bd/system/ipshared/xilinx.com/axi_vdma_v6_2/hdl/src/vhdl/axi_sg_updt_queue.vhd
Duplicated file found; will not be sent for synthesis: /home/mario/Documents/GNULinradio/zybo_base_system/source/vivado/hw/zybo_bsd/zybo_bsd.srcs/sources_1/bd/system/ipshared/xilinx.com/axi_vdma_v6_2/hdl/src/vhdl/axi_sg_updt_noqueue.vhd
Duplicated file found; will not be sent for synthesis: /home/mario/Documents/GNULinradio/zybo_base_system/source/vivado/hw/zybo_bsd/zybo_bsd.srcs/sources_1/bd/system/ipshared/xilinx.com/axi_vdma_v6_2/hdl/src/vhdl/axi_sg_updt_q_mngr.vhd
Duplicated file found; will not be sent for synthesis: /home/mario/Documents/GNULinradio/zybo_base_system/source/vivado/hw/zybo_bsd/zybo_bsd.srcs/sources_1/bd/system/ipshared/xilinx.com/axi_vdma_v6_2/hdl/src/vhdl/axi_sg_intrpt.vhd
Duplicated file found; will not be sent for synthesis: /home/mario/Documents/GNULinradio/zybo_base_system/source/vivado/hw/zybo_bsd/zybo_bsd.srcs/sources_1/bd/system/ipshared/xilinx.com/axi_vdma_v6_2/hdl/src/vhdl/axi_sg.vhd
Duplicated file found; will not be sent for synthesis: /home/mario/Documents/GNULinradio/zybo_base_system/source/vivado/hw/zybo_bsd/zybo_bsd.srcs/sources_1/bd/system/ipshared/xilinx.com/axi_vdma_v6_2/hdl/src/vhdl/axi_vdma_pkg.vhd
Duplicated file found; will not be sent for synthesis: /home/mario/Documents/GNULinradio/zybo_base_system/source/vivado/hw/zybo_bsd/zybo_bsd.srcs/sources_1/bd/system/ipshared/xilinx.com/axi_vdma_v6_2/hdl/src/vhdl/axi_vdma_cdc.vhd
Duplicated file found; will not be sent for synthesis: /home/mario/Documents/GNULinradio/zybo_base_system/source/vivado/hw/zybo_bsd/zybo_bsd.srcs/sources_1/bd/system/ipshared/xilinx.com/axi_vdma_v6_2/hdl/src/vhdl/axi_vdma_vid_cdc.vhd
Duplicated file found; will not be sent for synthesis: /home/mario/Documents/GNULinradio/zybo_base_system/source/vivado/hw/zybo_bsd/zybo_bsd.srcs/sources_1/bd/system/ipshared/xilinx.com/axi_vdma_v6_2/hdl/src/vhdl/axi_vdma_sg_cdc.vhd
Duplicated file found; will not be sent for synthesis: /home/mario/Documents/GNULinradio/zybo_base_system/source/vivado/hw/zybo_bsd/zybo_bsd.srcs/sources_1/bd/system/ipshared/xilinx.com/axi_vdma_v6_2/hdl/src/vhdl/axi_vdma_reset.vhd
Duplicated file found; will not be sent for synthesis: /home/mario/Documents/GNULinradio/zybo_base_system/source/vivado/hw/zybo_bsd/zybo_bsd.srcs/sources_1/bd/system/ipshared/xilinx.com/axi_vdma_v6_2/hdl/src/vhdl/axi_vdma_rst_module.vhd
Duplicated file found; will not be sent for synthesis: /home/mario/Documents/GNULinradio/zybo_base_system/source/vivado/hw/zybo_bsd/zybo_bsd.srcs/sources_1/bd/system/ipshared/xilinx.com/axi_vdma_v6_2/hdl/src/vhdl/axi_vdma_lite_if.vhd
Duplicated file found; will not be sent for synthesis: /home/mario/Documents/GNULinradio/zybo_base_system/source/vivado/hw/zybo_bsd/zybo_bsd.srcs/sources_1/bd/system/ipshared/xilinx.com/axi_vdma_v6_2/hdl/src/vhdl/axi_vdma_register.vhd
Duplicated file found; will not be sent for synthesis: /home/mario/Documents/GNULinradio/zybo_base_system/source/vivado/hw/zybo_bsd/zybo_bsd.srcs/sources_1/bd/system/ipshared/xilinx.com/axi_vdma_v6_2/hdl/src/vhdl/axi_vdma_regdirect.vhd
Duplicated file found; will not be sent for synthesis: /home/mario/Documents/GNULinradio/zybo_base_system/source/vivado/hw/zybo_bsd/zybo_bsd.srcs/sources_1/bd/system/ipshared/xilinx.com/axi_vdma_v6_2/hdl/src/vhdl/axi_vdma_reg_mux.vhd
Duplicated file found; will not be sent for synthesis: /home/mario/Documents/GNULinradio/zybo_base_system/source/vivado/hw/zybo_bsd/zybo_bsd.srcs/sources_1/bd/system/ipshared/xilinx.com/axi_vdma_v6_2/hdl/src/vhdl/axi_vdma_reg_module.vhd
Duplicated file found; will not be sent for synthesis: /home/mario/Documents/GNULinradio/zybo_base_system/source/vivado/hw/zybo_bsd/zybo_bsd.srcs/sources_1/bd/system/ipshared/xilinx.com/axi_vdma_v6_2/hdl/src/vhdl/axi_vdma_reg_if.vhd
Duplicated file found; will not be sent for synthesis: /home/mario/Documents/GNULinradio/zybo_base_system/source/vivado/hw/zybo_bsd/zybo_bsd.srcs/sources_1/bd/system/ipshared/xilinx.com/axi_vdma_v6_2/hdl/src/vhdl/axi_vdma_intrpt.vhd
Duplicated file found; will not be sent for synthesis: /home/mario/Documents/GNULinradio/zybo_base_system/source/vivado/hw/zybo_bsd/zybo_bsd.srcs/sources_1/bd/system/ipshared/xilinx.com/axi_vdma_v6_2/hdl/src/vhdl/axi_vdma_sof_gen.vhd
Duplicated file found; will not be sent for synthesis: /home/mario/Documents/GNULinradio/zybo_base_system/source/vivado/hw/zybo_bsd/zybo_bsd.srcs/sources_1/bd/system/ipshared/xilinx.com/axi_vdma_v6_2/hdl/src/vhdl/axi_vdma_skid_buf.vhd
Duplicated file found; will not be sent for synthesis: /home/mario/Documents/GNULinradio/zybo_base_system/source/vivado/hw/zybo_bsd/zybo_bsd.srcs/sources_1/bd/system/ipshared/xilinx.com/axi_vdma_v6_2/hdl/src/vhdl/axi_vdma_sfifo.vhd
Duplicated file found; will not be sent for synthesis: /home/mario/Documents/GNULinradio/zybo_base_system/source/vivado/hw/zybo_bsd/zybo_bsd.srcs/sources_1/bd/system/ipshared/xilinx.com/axi_vdma_v6_2/hdl/src/vhdl/axi_vdma_sfifo_autord.vhd
Duplicated file found; will not be sent for synthesis: /home/mario/Documents/GNULinradio/zybo_base_system/source/vivado/hw/zybo_bsd/zybo_bsd.srcs/sources_1/bd/system/ipshared/xilinx.com/axi_vdma_v6_2/hdl/src/vhdl/axi_vdma_afifo_builtin.vhd
Duplicated file found; will not be sent for synthesis: /home/mario/Documents/GNULinradio/zybo_base_system/source/vivado/hw/zybo_bsd/zybo_bsd.srcs/sources_1/bd/system/ipshared/xilinx.com/axi_vdma_v6_2/hdl/src/vhdl/axi_vdma_afifo.vhd
Duplicated file found; will not be sent for synthesis: /home/mario/Documents/GNULinradio/zybo_base_system/source/vivado/hw/zybo_bsd/zybo_bsd.srcs/sources_1/bd/system/ipshared/xilinx.com/axi_vdma_v6_2/hdl/src/vhdl/axi_vdma_afifo_autord.vhd
Duplicated file found; will not be sent for synthesis: /home/mario/Documents/GNULinradio/zybo_base_system/source/vivado/hw/zybo_bsd/zybo_bsd.srcs/sources_1/bd/system/ipshared/xilinx.com/axi_vdma_v6_2/hdl/src/vhdl/axi_vdma_mm2s_linebuf.vhd
Duplicated file found; will not be sent for synthesis: /home/mario/Documents/GNULinradio/zybo_base_system/source/vivado/hw/zybo_bsd/zybo_bsd.srcs/sources_1/bd/system/ipshared/xilinx.com/axi_vdma_v6_2/hdl/src/vhdl/axi_vdma_s2mm_linebuf.vhd
Duplicated file found; will not be sent for synthesis: /home/mario/Documents/GNULinradio/zybo_base_system/source/vivado/hw/zybo_bsd/zybo_bsd.srcs/sources_1/bd/system/ipshared/xilinx.com/axi_vdma_v6_2/hdl/src/vhdl/axi_vdma_blkmem.vhd
Duplicated file found; will not be sent for synthesis: /home/mario/Documents/GNULinradio/zybo_base_system/source/vivado/hw/zybo_bsd/zybo_bsd.srcs/sources_1/bd/system/ipshared/xilinx.com/axi_vdma_v6_2/hdl/src/vhdl/axi_vdma_fsync_gen.vhd
Duplicated file found; will not be sent for synthesis: /home/mario/Documents/GNULinradio/zybo_base_system/source/vivado/hw/zybo_bsd/zybo_bsd.srcs/sources_1/bd/system/ipshared/xilinx.com/axi_vdma_v6_2/hdl/src/vhdl/axi_vdma_vregister.vhd
Duplicated file found; will not be sent for synthesis: /home/mario/Documents/GNULinradio/zybo_base_system/source/vivado/hw/zybo_bsd/zybo_bsd.srcs/sources_1/bd/system/ipshared/xilinx.com/axi_vdma_v6_2/hdl/src/vhdl/axi_vdma_vregister_64.vhd
Duplicated file found; will not be sent for synthesis: /home/mario/Documents/GNULinradio/zybo_base_system/source/vivado/hw/zybo_bsd/zybo_bsd.srcs/sources_1/bd/system/ipshared/xilinx.com/axi_vdma_v6_2/hdl/src/vhdl/axi_vdma_sgregister.vhd
Duplicated file found; will not be sent for synthesis: /home/mario/Documents/GNULinradio/zybo_base_system/source/vivado/hw/zybo_bsd/zybo_bsd.srcs/sources_1/bd/system/ipshared/xilinx.com/axi_vdma_v6_2/hdl/src/vhdl/axi_vdma_vaddrreg_mux.vhd
Duplicated file found; will not be sent for synthesis: /home/mario/Documents/GNULinradio/zybo_base_system/source/vivado/hw/zybo_bsd/zybo_bsd.srcs/sources_1/bd/system/ipshared/xilinx.com/axi_vdma_v6_2/hdl/src/vhdl/axi_vdma_vaddrreg_mux_64.vhd
Duplicated file found; will not be sent for synthesis: /home/mario/Documents/GNULinradio/zybo_base_system/source/vivado/hw/zybo_bsd/zybo_bsd.srcs/sources_1/bd/system/ipshared/xilinx.com/axi_vdma_v6_2/hdl/src/vhdl/axi_vdma_vidreg_module.vhd
Duplicated file found; will not be sent for synthesis: /home/mario/Documents/GNULinradio/zybo_base_system/source/vivado/hw/zybo_bsd/zybo_bsd.srcs/sources_1/bd/system/ipshared/xilinx.com/axi_vdma_v6_2/hdl/src/vhdl/axi_vdma_vidreg_module_64.vhd
Duplicated file found; will not be sent for synthesis: /home/mario/Documents/GNULinradio/zybo_base_system/source/vivado/hw/zybo_bsd/zybo_bsd.srcs/sources_1/bd/system/ipshared/xilinx.com/axi_vdma_v6_2/hdl/src/vhdl/axi_vdma_genlock_mux.vhd
Duplicated file found; will not be sent for synthesis: /home/mario/Documents/GNULinradio/zybo_base_system/source/vivado/hw/zybo_bsd/zybo_bsd.srcs/sources_1/bd/system/ipshared/xilinx.com/axi_vdma_v6_2/hdl/src/vhdl/axi_vdma_greycoder.vhd
Duplicated file found; will not be sent for synthesis: /home/mario/Documents/GNULinradio/zybo_base_system/source/vivado/hw/zybo_bsd/zybo_bsd.srcs/sources_1/bd/system/ipshared/xilinx.com/axi_vdma_v6_2/hdl/src/vhdl/axi_vdma_genlock_mngr.vhd
Duplicated file found; will not be sent for synthesis: /home/mario/Documents/GNULinradio/zybo_base_system/source/vivado/hw/zybo_bsd/zybo_bsd.srcs/sources_1/bd/system/ipshared/xilinx.com/axi_vdma_v6_2/hdl/src/vhdl/axi_vdma_sg_if.vhd
Duplicated file found; will not be sent for synthesis: /home/mario/Documents/GNULinradio/zybo_base_system/source/vivado/hw/zybo_bsd/zybo_bsd.srcs/sources_1/bd/system/ipshared/xilinx.com/axi_vdma_v6_2/hdl/src/vhdl/axi_vdma_sm.vhd
Duplicated file found; will not be sent for synthesis: /home/mario/Documents/GNULinradio/zybo_base_system/source/vivado/hw/zybo_bsd/zybo_bsd.srcs/sources_1/bd/system/ipshared/xilinx.com/axi_vdma_v6_2/hdl/src/vhdl/axi_vdma_cmdsts_if.vhd
Duplicated file found; will not be sent for synthesis: /home/mario/Documents/GNULinradio/zybo_base_system/source/vivado/hw/zybo_bsd/zybo_bsd.srcs/sources_1/bd/system/ipshared/xilinx.com/axi_vdma_v6_2/hdl/src/vhdl/axi_vdma_sts_mngr.vhd
Duplicated file found; will not be sent for synthesis: /home/mario/Documents/GNULinradio/zybo_base_system/source/vivado/hw/zybo_bsd/zybo_bsd.srcs/sources_1/bd/system/ipshared/xilinx.com/axi_vdma_v6_2/hdl/src/vhdl/axi_vdma_mngr.vhd
Duplicated file found; will not be sent for synthesis: /home/mario/Documents/GNULinradio/zybo_base_system/source/vivado/hw/zybo_bsd/zybo_bsd.srcs/sources_1/bd/system/ipshared/xilinx.com/axi_vdma_v6_2/hdl/src/vhdl/axi_vdma_mngr_64.vhd
Duplicated file found; will not be sent for synthesis: /home/mario/Documents/GNULinradio/zybo_base_system/source/vivado/hw/zybo_bsd/zybo_bsd.srcs/sources_1/bd/system/ipshared/xilinx.com/axi_vdma_v6_2/hdl/src/vhdl/axi_vdma_mm2s_axis_dwidth_converter.vhd
Duplicated file found; will not be sent for synthesis: /home/mario/Documents/GNULinradio/zybo_base_system/source/vivado/hw/zybo_bsd/zybo_bsd.srcs/sources_1/bd/system/ipshared/xilinx.com/axi_vdma_v6_2/hdl/src/vhdl/axi_vdma_s2mm_axis_dwidth_converter.vhd
Duplicated file found; will not be sent for synthesis: /home/mario/Documents/GNULinradio/zybo_base_system/source/vivado/hw/zybo_bsd/zybo_bsd.srcs/sources_1/bd/system/ipshared/xilinx.com/axi_vdma_v6_2/hdl/src/vhdl/axi_vdma.vhd
Duplicated file found; will not be sent for synthesis: /home/mario/Documents/GNULinradio/zybo_base_system/source/vivado/hw/zybo_bsd/zybo_bsd.srcs/sources_1/bd/system/ipshared/xilinx.com/blk_mem_gen_v8_3/hdl/blk_mem_gen_v8_3_vhsyn_rfs.vhd
Duplicated file found; will not be sent for synthesis: /home/mario/Documents/GNULinradio/zybo_base_system/source/vivado/hw/zybo_bsd/zybo_bsd.srcs/sources_1/bd/system/ipshared/xilinx.com/blk_mem_gen_v8_3/hdl/blk_mem_gen_v8_3.vhd
Duplicated file found; will not be sent for synthesis: /home/mario/Documents/GNULinradio/zybo_base_system/source/vivado/hw/zybo_bsd/zybo_bsd.srcs/sources_1/bd/system/ipshared/xilinx.com/fifo_generator_v13_0/hdl/fifo_generator_v13_0_vhsyn_rfs.vhd
Duplicated file found; will not be sent for synthesis: /home/mario/Documents/GNULinradio/zybo_base_system/source/vivado/hw/zybo_bsd/zybo_bsd.srcs/sources_1/bd/system/ipshared/xilinx.com/fifo_generator_v13_0/hdl/fifo_generator_v13_0.vhd
Duplicated file found; will not be sent for synthesis: /home/mario/Documents/GNULinradio/zybo_base_system/source/vivado/hw/zybo_bsd/zybo_bsd.srcs/sources_1/bd/system/ipshared/xilinx.com/xlconstant_v1_1/xlconstant.v
Duplicated file found; will not be sent for synthesis: /home/mario/Documents/GNULinradio/zybo_base_system/source/vivado/hw/zybo_bsd/zybo_bsd.srcs/sources_1/bd/system/ipshared/xilinx.com/xlconstant_v1_1/xlconstant.v
Duplicated file found; will not be sent for synthesis: /home/mario/Documents/GNULinradio/zybo_base_system/source/vivado/hw/zybo_bsd/zybo_bsd.srcs/sources_1/bd/system/ipshared/xilinx.com/generic_baseblocks_v2_1/hdl/verilog/generic_baseblocks_v2_1_carry_and.v
Duplicated file found; will not be sent for synthesis: /home/mario/Documents/GNULinradio/zybo_base_system/source/vivado/hw/zybo_bsd/zybo_bsd.srcs/sources_1/bd/system/ipshared/xilinx.com/generic_baseblocks_v2_1/hdl/verilog/generic_baseblocks_v2_1_carry_latch_and.v
Duplicated file found; will not be sent for synthesis: /home/mario/Documents/GNULinradio/zybo_base_system/source/vivado/hw/zybo_bsd/zybo_bsd.srcs/sources_1/bd/system/ipshared/xilinx.com/generic_baseblocks_v2_1/hdl/verilog/generic_baseblocks_v2_1_carry_latch_or.v
Duplicated file found; will not be sent for synthesis: /home/mario/Documents/GNULinradio/zybo_base_system/source/vivado/hw/zybo_bsd/zybo_bsd.srcs/sources_1/bd/system/ipshared/xilinx.com/generic_baseblocks_v2_1/hdl/verilog/generic_baseblocks_v2_1_carry_or.v
Duplicated file found; will not be sent for synthesis: /home/mario/Documents/GNULinradio/zybo_base_system/source/vivado/hw/zybo_bsd/zybo_bsd.srcs/sources_1/bd/system/ipshared/xilinx.com/generic_baseblocks_v2_1/hdl/verilog/generic_baseblocks_v2_1_carry.v
Duplicated file found; will not be sent for synthesis: /home/mario/Documents/GNULinradio/zybo_base_system/source/vivado/hw/zybo_bsd/zybo_bsd.srcs/sources_1/bd/system/ipshared/xilinx.com/generic_baseblocks_v2_1/hdl/verilog/generic_baseblocks_v2_1_command_fifo.v
Duplicated file found; will not be sent for synthesis: /home/mario/Documents/GNULinradio/zybo_base_system/source/vivado/hw/zybo_bsd/zybo_bsd.srcs/sources_1/bd/system/ipshared/xilinx.com/generic_baseblocks_v2_1/hdl/verilog/generic_baseblocks_v2_1_comparator_mask_static.v
Duplicated file found; will not be sent for synthesis: /home/mario/Documents/GNULinradio/zybo_base_system/source/vivado/hw/zybo_bsd/zybo_bsd.srcs/sources_1/bd/system/ipshared/xilinx.com/generic_baseblocks_v2_1/hdl/verilog/generic_baseblocks_v2_1_comparator_mask.v
Duplicated file found; will not be sent for synthesis: /home/mario/Documents/GNULinradio/zybo_base_system/source/vivado/hw/zybo_bsd/zybo_bsd.srcs/sources_1/bd/system/ipshared/xilinx.com/generic_baseblocks_v2_1/hdl/verilog/generic_baseblocks_v2_1_comparator_sel_mask_static.v
Duplicated file found; will not be sent for synthesis: /home/mario/Documents/GNULinradio/zybo_base_system/source/vivado/hw/zybo_bsd/zybo_bsd.srcs/sources_1/bd/system/ipshared/xilinx.com/generic_baseblocks_v2_1/hdl/verilog/generic_baseblocks_v2_1_comparator_sel_mask.v
Duplicated file found; will not be sent for synthesis: /home/mario/Documents/GNULinradio/zybo_base_system/source/vivado/hw/zybo_bsd/zybo_bsd.srcs/sources_1/bd/system/ipshared/xilinx.com/generic_baseblocks_v2_1/hdl/verilog/generic_baseblocks_v2_1_comparator_sel_static.v
Duplicated file found; will not be sent for synthesis: /home/mario/Documents/GNULinradio/zybo_base_system/source/vivado/hw/zybo_bsd/zybo_bsd.srcs/sources_1/bd/system/ipshared/xilinx.com/generic_baseblocks_v2_1/hdl/verilog/generic_baseblocks_v2_1_comparator_sel.v
Duplicated file found; will not be sent for synthesis: /home/mario/Documents/GNULinradio/zybo_base_system/source/vivado/hw/zybo_bsd/zybo_bsd.srcs/sources_1/bd/system/ipshared/xilinx.com/generic_baseblocks_v2_1/hdl/verilog/generic_baseblocks_v2_1_comparator_static.v
Duplicated file found; will not be sent for synthesis: /home/mario/Documents/GNULinradio/zybo_base_system/source/vivado/hw/zybo_bsd/zybo_bsd.srcs/sources_1/bd/system/ipshared/xilinx.com/generic_baseblocks_v2_1/hdl/verilog/generic_baseblocks_v2_1_comparator.v
Duplicated file found; will not be sent for synthesis: /home/mario/Documents/GNULinradio/zybo_base_system/source/vivado/hw/zybo_bsd/zybo_bsd.srcs/sources_1/bd/system/ipshared/xilinx.com/generic_baseblocks_v2_1/hdl/verilog/generic_baseblocks_v2_1_mux_enc.v
Duplicated file found; will not be sent for synthesis: /home/mario/Documents/GNULinradio/zybo_base_system/source/vivado/hw/zybo_bsd/zybo_bsd.srcs/sources_1/bd/system/ipshared/xilinx.com/generic_baseblocks_v2_1/hdl/verilog/generic_baseblocks_v2_1_mux.v
Duplicated file found; will not be sent for synthesis: /home/mario/Documents/GNULinradio/zybo_base_system/source/vivado/hw/zybo_bsd/zybo_bsd.srcs/sources_1/bd/system/ipshared/xilinx.com/generic_baseblocks_v2_1/hdl/verilog/generic_baseblocks_v2_1_nto1_mux.v
Duplicated file found; will not be sent for synthesis: /home/mario/Documents/GNULinradio/zybo_base_system/source/vivado/hw/zybo_bsd/zybo_bsd.srcs/sources_1/bd/system/ipshared/xilinx.com/axi_infrastructure_v1_1/hdl/verilog/axi_infrastructure_v1_1_0_header.vh
Duplicated file found; will not be sent for synthesis: /home/mario/Documents/GNULinradio/zybo_base_system/source/vivado/hw/zybo_bsd/zybo_bsd.srcs/sources_1/bd/system/ipshared/xilinx.com/axi_infrastructure_v1_1/hdl/verilog/axi_infrastructure_v1_1_axi2vector.v
Duplicated file found; will not be sent for synthesis: /home/mario/Documents/GNULinradio/zybo_base_system/source/vivado/hw/zybo_bsd/zybo_bsd.srcs/sources_1/bd/system/ipshared/xilinx.com/axi_infrastructure_v1_1/hdl/verilog/axi_infrastructure_v1_1_axic_srl_fifo.v
Duplicated file found; will not be sent for synthesis: /home/mario/Documents/GNULinradio/zybo_base_system/source/vivado/hw/zybo_bsd/zybo_bsd.srcs/sources_1/bd/system/ipshared/xilinx.com/axi_infrastructure_v1_1/hdl/verilog/axi_infrastructure_v1_1_vector2axi.v
Duplicated file found; will not be sent for synthesis: /home/mario/Documents/GNULinradio/zybo_base_system/source/vivado/hw/zybo_bsd/zybo_bsd.srcs/sources_1/bd/system/ipshared/xilinx.com/axi_register_slice_v2_1/hdl/verilog/axi_register_slice_v2_1_axic_register_slice.v
Duplicated file found; will not be sent for synthesis: /home/mario/Documents/GNULinradio/zybo_base_system/source/vivado/hw/zybo_bsd/zybo_bsd.srcs/sources_1/bd/system/ipshared/xilinx.com/axi_register_slice_v2_1/hdl/verilog/axi_register_slice_v2_1_axi_register_slice.v
Duplicated file found; will not be sent for synthesis: /home/mario/Documents/GNULinradio/zybo_base_system/source/vivado/hw/zybo_bsd/zybo_bsd.srcs/sources_1/bd/system/ipshared/xilinx.com/axi_data_fifo_v2_1/hdl/verilog/axi_data_fifo_v2_1_axic_fifo.v
Duplicated file found; will not be sent for synthesis: /home/mario/Documents/GNULinradio/zybo_base_system/source/vivado/hw/zybo_bsd/zybo_bsd.srcs/sources_1/bd/system/ipshared/xilinx.com/axi_data_fifo_v2_1/hdl/verilog/axi_data_fifo_v2_1_fifo_gen.v
Duplicated file found; will not be sent for synthesis: /home/mario/Documents/GNULinradio/zybo_base_system/source/vivado/hw/zybo_bsd/zybo_bsd.srcs/sources_1/bd/system/ipshared/xilinx.com/axi_data_fifo_v2_1/hdl/verilog/axi_data_fifo_v2_1_axic_srl_fifo.v
Duplicated file found; will not be sent for synthesis: /home/mario/Documents/GNULinradio/zybo_base_system/source/vivado/hw/zybo_bsd/zybo_bsd.srcs/sources_1/bd/system/ipshared/xilinx.com/axi_data_fifo_v2_1/hdl/verilog/axi_data_fifo_v2_1_axic_reg_srl_fifo.v
Duplicated file found; will not be sent for synthesis: /home/mario/Documents/GNULinradio/zybo_base_system/source/vivado/hw/zybo_bsd/zybo_bsd.srcs/sources_1/bd/system/ipshared/xilinx.com/axi_data_fifo_v2_1/hdl/verilog/axi_data_fifo_v2_1_ndeep_srl.v
Duplicated file found; will not be sent for synthesis: /home/mario/Documents/GNULinradio/zybo_base_system/source/vivado/hw/zybo_bsd/zybo_bsd.srcs/sources_1/bd/system/ipshared/xilinx.com/axi_data_fifo_v2_1/hdl/verilog/axi_data_fifo_v2_1_axi_data_fifo.v
Duplicated file found; will not be sent for synthesis: /home/mario/Documents/GNULinradio/zybo_base_system/source/vivado/hw/zybo_bsd/zybo_bsd.srcs/sources_1/bd/system/ipshared/xilinx.com/blk_mem_gen_v8_3/hdl/blk_mem_gen_v8_3_vhsyn_rfs.vhd
Duplicated file found; will not be sent for synthesis: /home/mario/Documents/GNULinradio/zybo_base_system/source/vivado/hw/zybo_bsd/zybo_bsd.srcs/sources_1/bd/system/ipshared/xilinx.com/blk_mem_gen_v8_3/hdl/blk_mem_gen_v8_3.vhd
Duplicated file found; will not be sent for synthesis: /home/mario/Documents/GNULinradio/zybo_base_system/source/vivado/hw/zybo_bsd/zybo_bsd.srcs/sources_1/bd/system/ipshared/xilinx.com/fifo_generator_v13_0/hdl/fifo_generator_v13_0_vhsyn_rfs.vhd
Duplicated file found; will not be sent for synthesis: /home/mario/Documents/GNULinradio/zybo_base_system/source/vivado/hw/zybo_bsd/zybo_bsd.srcs/sources_1/bd/system/ipshared/xilinx.com/fifo_generator_v13_0/hdl/fifo_generator_v13_0.vhd
Duplicated file found; will not be sent for synthesis: /home/mario/Documents/GNULinradio/zybo_base_system/source/vivado/hw/zybo_bsd/zybo_bsd.srcs/sources_1/bd/system/ipshared/xilinx.com/generic_baseblocks_v2_1/hdl/verilog/generic_baseblocks_v2_1_carry_and.v
Duplicated file found; will not be sent for synthesis: /home/mario/Documents/GNULinradio/zybo_base_system/source/vivado/hw/zybo_bsd/zybo_bsd.srcs/sources_1/bd/system/ipshared/xilinx.com/generic_baseblocks_v2_1/hdl/verilog/generic_baseblocks_v2_1_carry_latch_and.v
Duplicated file found; will not be sent for synthesis: /home/mario/Documents/GNULinradio/zybo_base_system/source/vivado/hw/zybo_bsd/zybo_bsd.srcs/sources_1/bd/system/ipshared/xilinx.com/generic_baseblocks_v2_1/hdl/verilog/generic_baseblocks_v2_1_carry_latch_or.v
Duplicated file found; will not be sent for synthesis: /home/mario/Documents/GNULinradio/zybo_base_system/source/vivado/hw/zybo_bsd/zybo_bsd.srcs/sources_1/bd/system/ipshared/xilinx.com/generic_baseblocks_v2_1/hdl/verilog/generic_baseblocks_v2_1_carry_or.v
Duplicated file found; will not be sent for synthesis: /home/mario/Documents/GNULinradio/zybo_base_system/source/vivado/hw/zybo_bsd/zybo_bsd.srcs/sources_1/bd/system/ipshared/xilinx.com/generic_baseblocks_v2_1/hdl/verilog/generic_baseblocks_v2_1_carry.v
Duplicated file found; will not be sent for synthesis: /home/mario/Documents/GNULinradio/zybo_base_system/source/vivado/hw/zybo_bsd/zybo_bsd.srcs/sources_1/bd/system/ipshared/xilinx.com/generic_baseblocks_v2_1/hdl/verilog/generic_baseblocks_v2_1_command_fifo.v
Duplicated file found; will not be sent for synthesis: /home/mario/Documents/GNULinradio/zybo_base_system/source/vivado/hw/zybo_bsd/zybo_bsd.srcs/sources_1/bd/system/ipshared/xilinx.com/generic_baseblocks_v2_1/hdl/verilog/generic_baseblocks_v2_1_comparator_mask_static.v
Duplicated file found; will not be sent for synthesis: /home/mario/Documents/GNULinradio/zybo_base_system/source/vivado/hw/zybo_bsd/zybo_bsd.srcs/sources_1/bd/system/ipshared/xilinx.com/generic_baseblocks_v2_1/hdl/verilog/generic_baseblocks_v2_1_comparator_mask.v
Duplicated file found; will not be sent for synthesis: /home/mario/Documents/GNULinradio/zybo_base_system/source/vivado/hw/zybo_bsd/zybo_bsd.srcs/sources_1/bd/system/ipshared/xilinx.com/generic_baseblocks_v2_1/hdl/verilog/generic_baseblocks_v2_1_comparator_sel_mask_static.v
Duplicated file found; will not be sent for synthesis: /home/mario/Documents/GNULinradio/zybo_base_system/source/vivado/hw/zybo_bsd/zybo_bsd.srcs/sources_1/bd/system/ipshared/xilinx.com/generic_baseblocks_v2_1/hdl/verilog/generic_baseblocks_v2_1_comparator_sel_mask.v
Duplicated file found; will not be sent for synthesis: /home/mario/Documents/GNULinradio/zybo_base_system/source/vivado/hw/zybo_bsd/zybo_bsd.srcs/sources_1/bd/system/ipshared/xilinx.com/generic_baseblocks_v2_1/hdl/verilog/generic_baseblocks_v2_1_comparator_sel_static.v
Duplicated file found; will not be sent for synthesis: /home/mario/Documents/GNULinradio/zybo_base_system/source/vivado/hw/zybo_bsd/zybo_bsd.srcs/sources_1/bd/system/ipshared/xilinx.com/generic_baseblocks_v2_1/hdl/verilog/generic_baseblocks_v2_1_comparator_sel.v
Duplicated file found; will not be sent for synthesis: /home/mario/Documents/GNULinradio/zybo_base_system/source/vivado/hw/zybo_bsd/zybo_bsd.srcs/sources_1/bd/system/ipshared/xilinx.com/generic_baseblocks_v2_1/hdl/verilog/generic_baseblocks_v2_1_comparator_static.v
Duplicated file found; will not be sent for synthesis: /home/mario/Documents/GNULinradio/zybo_base_system/source/vivado/hw/zybo_bsd/zybo_bsd.srcs/sources_1/bd/system/ipshared/xilinx.com/generic_baseblocks_v2_1/hdl/verilog/generic_baseblocks_v2_1_comparator.v
Duplicated file found; will not be sent for synthesis: /home/mario/Documents/GNULinradio/zybo_base_system/source/vivado/hw/zybo_bsd/zybo_bsd.srcs/sources_1/bd/system/ipshared/xilinx.com/generic_baseblocks_v2_1/hdl/verilog/generic_baseblocks_v2_1_mux_enc.v
Duplicated file found; will not be sent for synthesis: /home/mario/Documents/GNULinradio/zybo_base_system/source/vivado/hw/zybo_bsd/zybo_bsd.srcs/sources_1/bd/system/ipshared/xilinx.com/generic_baseblocks_v2_1/hdl/verilog/generic_baseblocks_v2_1_mux.v
Duplicated file found; will not be sent for synthesis: /home/mario/Documents/GNULinradio/zybo_base_system/source/vivado/hw/zybo_bsd/zybo_bsd.srcs/sources_1/bd/system/ipshared/xilinx.com/generic_baseblocks_v2_1/hdl/verilog/generic_baseblocks_v2_1_nto1_mux.v
Duplicated file found; will not be sent for synthesis: /home/mario/Documents/GNULinradio/zybo_base_system/source/vivado/hw/zybo_bsd/zybo_bsd.srcs/sources_1/bd/system/ipshared/xilinx.com/axi_infrastructure_v1_1/hdl/verilog/axi_infrastructure_v1_1_0_header.vh
Duplicated file found; will not be sent for synthesis: /home/mario/Documents/GNULinradio/zybo_base_system/source/vivado/hw/zybo_bsd/zybo_bsd.srcs/sources_1/bd/system/ipshared/xilinx.com/axi_infrastructure_v1_1/hdl/verilog/axi_infrastructure_v1_1_axi2vector.v
Duplicated file found; will not be sent for synthesis: /home/mario/Documents/GNULinradio/zybo_base_system/source/vivado/hw/zybo_bsd/zybo_bsd.srcs/sources_1/bd/system/ipshared/xilinx.com/axi_infrastructure_v1_1/hdl/verilog/axi_infrastructure_v1_1_axic_srl_fifo.v
Duplicated file found; will not be sent for synthesis: /home/mario/Documents/GNULinradio/zybo_base_system/source/vivado/hw/zybo_bsd/zybo_bsd.srcs/sources_1/bd/system/ipshared/xilinx.com/axi_infrastructure_v1_1/hdl/verilog/axi_infrastructure_v1_1_vector2axi.v
Duplicated file found; will not be sent for synthesis: /home/mario/Documents/GNULinradio/zybo_base_system/source/vivado/hw/zybo_bsd/zybo_bsd.srcs/sources_1/bd/system/ipshared/xilinx.com/axi_register_slice_v2_1/hdl/verilog/axi_register_slice_v2_1_axic_register_slice.v
Duplicated file found; will not be sent for synthesis: /home/mario/Documents/GNULinradio/zybo_base_system/source/vivado/hw/zybo_bsd/zybo_bsd.srcs/sources_1/bd/system/ipshared/xilinx.com/axi_register_slice_v2_1/hdl/verilog/axi_register_slice_v2_1_axi_register_slice.v
Duplicated file found; will not be sent for synthesis: /home/mario/Documents/GNULinradio/zybo_base_system/source/vivado/hw/zybo_bsd/zybo_bsd.srcs/sources_1/bd/system/ipshared/xilinx.com/axi_data_fifo_v2_1/hdl/verilog/axi_data_fifo_v2_1_axic_fifo.v
Duplicated file found; will not be sent for synthesis: /home/mario/Documents/GNULinradio/zybo_base_system/source/vivado/hw/zybo_bsd/zybo_bsd.srcs/sources_1/bd/system/ipshared/xilinx.com/axi_data_fifo_v2_1/hdl/verilog/axi_data_fifo_v2_1_fifo_gen.v
Duplicated file found; will not be sent for synthesis: /home/mario/Documents/GNULinradio/zybo_base_system/source/vivado/hw/zybo_bsd/zybo_bsd.srcs/sources_1/bd/system/ipshared/xilinx.com/axi_data_fifo_v2_1/hdl/verilog/axi_data_fifo_v2_1_axic_srl_fifo.v
Duplicated file found; will not be sent for synthesis: /home/mario/Documents/GNULinradio/zybo_base_system/source/vivado/hw/zybo_bsd/zybo_bsd.srcs/sources_1/bd/system/ipshared/xilinx.com/axi_data_fifo_v2_1/hdl/verilog/axi_data_fifo_v2_1_axic_reg_srl_fifo.v
Duplicated file found; will not be sent for synthesis: /home/mario/Documents/GNULinradio/zybo_base_system/source/vivado/hw/zybo_bsd/zybo_bsd.srcs/sources_1/bd/system/ipshared/xilinx.com/axi_data_fifo_v2_1/hdl/verilog/axi_data_fifo_v2_1_ndeep_srl.v
Duplicated file found; will not be sent for synthesis: /home/mario/Documents/GNULinradio/zybo_base_system/source/vivado/hw/zybo_bsd/zybo_bsd.srcs/sources_1/bd/system/ipshared/xilinx.com/axi_data_fifo_v2_1/hdl/verilog/axi_data_fifo_v2_1_axi_data_fifo.v
Duplicated file found; will not be sent for synthesis: /home/mario/Documents/GNULinradio/zybo_base_system/source/vivado/hw/zybo_bsd/zybo_bsd.srcs/sources_1/bd/system/ipshared/xilinx.com/axi_crossbar_v2_1/hdl/verilog/axi_crossbar_v2_1_addr_arbiter_sasd.v
Duplicated file found; will not be sent for synthesis: /home/mario/Documents/GNULinradio/zybo_base_system/source/vivado/hw/zybo_bsd/zybo_bsd.srcs/sources_1/bd/system/ipshared/xilinx.com/axi_crossbar_v2_1/hdl/verilog/axi_crossbar_v2_1_addr_arbiter.v
Duplicated file found; will not be sent for synthesis: /home/mario/Documents/GNULinradio/zybo_base_system/source/vivado/hw/zybo_bsd/zybo_bsd.srcs/sources_1/bd/system/ipshared/xilinx.com/axi_crossbar_v2_1/hdl/verilog/axi_crossbar_v2_1_addr_decoder.v
Duplicated file found; will not be sent for synthesis: /home/mario/Documents/GNULinradio/zybo_base_system/source/vivado/hw/zybo_bsd/zybo_bsd.srcs/sources_1/bd/system/ipshared/xilinx.com/axi_crossbar_v2_1/hdl/verilog/axi_crossbar_v2_1_arbiter_resp.v
Duplicated file found; will not be sent for synthesis: /home/mario/Documents/GNULinradio/zybo_base_system/source/vivado/hw/zybo_bsd/zybo_bsd.srcs/sources_1/bd/system/ipshared/xilinx.com/axi_crossbar_v2_1/hdl/verilog/axi_crossbar_v2_1_crossbar_sasd.v
Duplicated file found; will not be sent for synthesis: /home/mario/Documents/GNULinradio/zybo_base_system/source/vivado/hw/zybo_bsd/zybo_bsd.srcs/sources_1/bd/system/ipshared/xilinx.com/axi_crossbar_v2_1/hdl/verilog/axi_crossbar_v2_1_crossbar.v
Duplicated file found; will not be sent for synthesis: /home/mario/Documents/GNULinradio/zybo_base_system/source/vivado/hw/zybo_bsd/zybo_bsd.srcs/sources_1/bd/system/ipshared/xilinx.com/axi_crossbar_v2_1/hdl/verilog/axi_crossbar_v2_1_decerr_slave.v
Duplicated file found; will not be sent for synthesis: /home/mario/Documents/GNULinradio/zybo_base_system/source/vivado/hw/zybo_bsd/zybo_bsd.srcs/sources_1/bd/system/ipshared/xilinx.com/axi_crossbar_v2_1/hdl/verilog/axi_crossbar_v2_1_si_transactor.v
Duplicated file found; will not be sent for synthesis: /home/mario/Documents/GNULinradio/zybo_base_system/source/vivado/hw/zybo_bsd/zybo_bsd.srcs/sources_1/bd/system/ipshared/xilinx.com/axi_crossbar_v2_1/hdl/verilog/axi_crossbar_v2_1_splitter.v
Duplicated file found; will not be sent for synthesis: /home/mario/Documents/GNULinradio/zybo_base_system/source/vivado/hw/zybo_bsd/zybo_bsd.srcs/sources_1/bd/system/ipshared/xilinx.com/axi_crossbar_v2_1/hdl/verilog/axi_crossbar_v2_1_wdata_mux.v
Duplicated file found; will not be sent for synthesis: /home/mario/Documents/GNULinradio/zybo_base_system/source/vivado/hw/zybo_bsd/zybo_bsd.srcs/sources_1/bd/system/ipshared/xilinx.com/axi_crossbar_v2_1/hdl/verilog/axi_crossbar_v2_1_wdata_router.v
Duplicated file found; will not be sent for synthesis: /home/mario/Documents/GNULinradio/zybo_base_system/source/vivado/hw/zybo_bsd/zybo_bsd.srcs/sources_1/bd/system/ipshared/xilinx.com/axi_crossbar_v2_1/hdl/verilog/axi_crossbar_v2_1_axi_crossbar.v
Duplicated file found; will not be sent for synthesis: /home/mario/Documents/GNULinradio/zybo_base_system/source/vivado/hw/zybo_bsd/zybo_bsd.srcs/sources_1/bd/system/ipshared/xilinx.com/blk_mem_gen_v8_3/hdl/blk_mem_gen_v8_3_vhsyn_rfs.vhd
Duplicated file found; will not be sent for synthesis: /home/mario/Documents/GNULinradio/zybo_base_system/source/vivado/hw/zybo_bsd/zybo_bsd.srcs/sources_1/bd/system/ipshared/xilinx.com/blk_mem_gen_v8_3/hdl/blk_mem_gen_v8_3.vhd
Duplicated file found; will not be sent for synthesis: /home/mario/Documents/GNULinradio/zybo_base_system/source/vivado/hw/zybo_bsd/zybo_bsd.srcs/sources_1/bd/system/ipshared/xilinx.com/fifo_generator_v13_0/hdl/fifo_generator_v13_0_vhsyn_rfs.vhd
Duplicated file found; will not be sent for synthesis: /home/mario/Documents/GNULinradio/zybo_base_system/source/vivado/hw/zybo_bsd/zybo_bsd.srcs/sources_1/bd/system/ipshared/xilinx.com/fifo_generator_v13_0/hdl/fifo_generator_v13_0.vhd
Duplicated file found; will not be sent for synthesis: /home/mario/Documents/GNULinradio/zybo_base_system/source/vivado/hw/zybo_bsd/zybo_bsd.srcs/sources_1/bd/system/ipshared/xilinx.com/axi_infrastructure_v1_1/hdl/verilog/axi_infrastructure_v1_1_0_header.vh
Duplicated file found; will not be sent for synthesis: /home/mario/Documents/GNULinradio/zybo_base_system/source/vivado/hw/zybo_bsd/zybo_bsd.srcs/sources_1/bd/system/ipshared/xilinx.com/axi_infrastructure_v1_1/hdl/verilog/axi_infrastructure_v1_1_axi2vector.v
Duplicated file found; will not be sent for synthesis: /home/mario/Documents/GNULinradio/zybo_base_system/source/vivado/hw/zybo_bsd/zybo_bsd.srcs/sources_1/bd/system/ipshared/xilinx.com/axi_infrastructure_v1_1/hdl/verilog/axi_infrastructure_v1_1_axic_srl_fifo.v
Duplicated file found; will not be sent for synthesis: /home/mario/Documents/GNULinradio/zybo_base_system/source/vivado/hw/zybo_bsd/zybo_bsd.srcs/sources_1/bd/system/ipshared/xilinx.com/axi_infrastructure_v1_1/hdl/verilog/axi_infrastructure_v1_1_vector2axi.v
Duplicated file found; will not be sent for synthesis: /home/mario/Documents/GNULinradio/zybo_base_system/source/vivado/hw/zybo_bsd/zybo_bsd.srcs/sources_1/bd/system/ipshared/xilinx.com/axi_register_slice_v2_1/hdl/verilog/axi_register_slice_v2_1_axic_register_slice.v
Duplicated file found; will not be sent for synthesis: /home/mario/Documents/GNULinradio/zybo_base_system/source/vivado/hw/zybo_bsd/zybo_bsd.srcs/sources_1/bd/system/ipshared/xilinx.com/axi_register_slice_v2_1/hdl/verilog/axi_register_slice_v2_1_axi_register_slice.v
Duplicated file found; will not be sent for synthesis: /home/mario/Documents/GNULinradio/zybo_base_system/source/vivado/hw/zybo_bsd/zybo_bsd.srcs/sources_1/bd/system/ipshared/xilinx.com/axi_infrastructure_v1_1/hdl/verilog/axi_infrastructure_v1_1_0_header.vh
Duplicated file found; will not be sent for synthesis: /home/mario/Documents/GNULinradio/zybo_base_system/source/vivado/hw/zybo_bsd/zybo_bsd.srcs/sources_1/bd/system/ipshared/xilinx.com/axi_infrastructure_v1_1/hdl/verilog/axi_infrastructure_v1_1_axi2vector.v
Duplicated file found; will not be sent for synthesis: /home/mario/Documents/GNULinradio/zybo_base_system/source/vivado/hw/zybo_bsd/zybo_bsd.srcs/sources_1/bd/system/ipshared/xilinx.com/axi_infrastructure_v1_1/hdl/verilog/axi_infrastructure_v1_1_axic_srl_fifo.v
Duplicated file found; will not be sent for synthesis: /home/mario/Documents/GNULinradio/zybo_base_system/source/vivado/hw/zybo_bsd/zybo_bsd.srcs/sources_1/bd/system/ipshared/xilinx.com/axi_infrastructure_v1_1/hdl/verilog/axi_infrastructure_v1_1_vector2axi.v
Duplicated file found; will not be sent for synthesis: /home/mario/Documents/GNULinradio/zybo_base_system/source/vivado/hw/zybo_bsd/zybo_bsd.srcs/sources_1/bd/system/ipshared/xilinx.com/axi_register_slice_v2_1/hdl/verilog/axi_register_slice_v2_1_axic_register_slice.v
Duplicated file found; will not be sent for synthesis: /home/mario/Documents/GNULinradio/zybo_base_system/source/vivado/hw/zybo_bsd/zybo_bsd.srcs/sources_1/bd/system/ipshared/xilinx.com/axi_register_slice_v2_1/hdl/verilog/axi_register_slice_v2_1_axi_register_slice.v
Duplicated file found; will not be sent for synthesis: /home/mario/Documents/GNULinradio/zybo_base_system/source/vivado/hw/zybo_bsd/zybo_bsd.srcs/sources_1/bd/system/ipshared/xilinx.com/axi_infrastructure_v1_1/hdl/verilog/axi_infrastructure_v1_1_0_header.vh
Duplicated file found; will not be sent for synthesis: /home/mario/Documents/GNULinradio/zybo_base_system/source/vivado/hw/zybo_bsd/zybo_bsd.srcs/sources_1/bd/system/ipshared/xilinx.com/axi_infrastructure_v1_1/hdl/verilog/axi_infrastructure_v1_1_axi2vector.v
Duplicated file found; will not be sent for synthesis: /home/mario/Documents/GNULinradio/zybo_base_system/source/vivado/hw/zybo_bsd/zybo_bsd.srcs/sources_1/bd/system/ipshared/xilinx.com/axi_infrastructure_v1_1/hdl/verilog/axi_infrastructure_v1_1_axic_srl_fifo.v
Duplicated file found; will not be sent for synthesis: /home/mario/Documents/GNULinradio/zybo_base_system/source/vivado/hw/zybo_bsd/zybo_bsd.srcs/sources_1/bd/system/ipshared/xilinx.com/axi_infrastructure_v1_1/hdl/verilog/axi_infrastructure_v1_1_vector2axi.v
Duplicated file found; will not be sent for synthesis: /home/mario/Documents/GNULinradio/zybo_base_system/source/vivado/hw/zybo_bsd/zybo_bsd.srcs/sources_1/bd/system/ipshared/xilinx.com/axi_register_slice_v2_1/hdl/verilog/axi_register_slice_v2_1_axic_register_slice.v
Duplicated file found; will not be sent for synthesis: /home/mario/Documents/GNULinradio/zybo_base_system/source/vivado/hw/zybo_bsd/zybo_bsd.srcs/sources_1/bd/system/ipshared/xilinx.com/axi_register_slice_v2_1/hdl/verilog/axi_register_slice_v2_1_axi_register_slice.v
Duplicated file found; will not be sent for synthesis: /home/mario/Documents/GNULinradio/zybo_base_system/source/vivado/hw/zybo_bsd/zybo_bsd.srcs/sources_1/bd/system/ipshared/xilinx.com/axi_infrastructure_v1_1/hdl/verilog/axi_infrastructure_v1_1_0_header.vh
Duplicated file found; will not be sent for synthesis: /home/mario/Documents/GNULinradio/zybo_base_system/source/vivado/hw/zybo_bsd/zybo_bsd.srcs/sources_1/bd/system/ipshared/xilinx.com/axi_infrastructure_v1_1/hdl/verilog/axi_infrastructure_v1_1_axi2vector.v
Duplicated file found; will not be sent for synthesis: /home/mario/Documents/GNULinradio/zybo_base_system/source/vivado/hw/zybo_bsd/zybo_bsd.srcs/sources_1/bd/system/ipshared/xilinx.com/axi_infrastructure_v1_1/hdl/verilog/axi_infrastructure_v1_1_axic_srl_fifo.v
Duplicated file found; will not be sent for synthesis: /home/mario/Documents/GNULinradio/zybo_base_system/source/vivado/hw/zybo_bsd/zybo_bsd.srcs/sources_1/bd/system/ipshared/xilinx.com/axi_infrastructure_v1_1/hdl/verilog/axi_infrastructure_v1_1_vector2axi.v
Duplicated file found; will not be sent for synthesis: /home/mario/Documents/GNULinradio/zybo_base_system/source/vivado/hw/zybo_bsd/zybo_bsd.srcs/sources_1/bd/system/ipshared/xilinx.com/axi_register_slice_v2_1/hdl/verilog/axi_register_slice_v2_1_axic_register_slice.v
Duplicated file found; will not be sent for synthesis: /home/mario/Documents/GNULinradio/zybo_base_system/source/vivado/hw/zybo_bsd/zybo_bsd.srcs/sources_1/bd/system/ipshared/xilinx.com/axi_register_slice_v2_1/hdl/verilog/axi_register_slice_v2_1_axi_register_slice.v
Duplicated file found; will not be sent for synthesis: /home/mario/Documents/GNULinradio/zybo_base_system/source/vivado/hw/zybo_bsd/zybo_bsd.srcs/sources_1/bd/system/ipshared/xilinx.com/axi_infrastructure_v1_1/hdl/verilog/axi_infrastructure_v1_1_0_header.vh
Duplicated file found; will not be sent for synthesis: /home/mario/Documents/GNULinradio/zybo_base_system/source/vivado/hw/zybo_bsd/zybo_bsd.srcs/sources_1/bd/system/ipshared/xilinx.com/axi_infrastructure_v1_1/hdl/verilog/axi_infrastructure_v1_1_axi2vector.v
Duplicated file found; will not be sent for synthesis: /home/mario/Documents/GNULinradio/zybo_base_system/source/vivado/hw/zybo_bsd/zybo_bsd.srcs/sources_1/bd/system/ipshared/xilinx.com/axi_infrastructure_v1_1/hdl/verilog/axi_infrastructure_v1_1_axic_srl_fifo.v
Duplicated file found; will not be sent for synthesis: /home/mario/Documents/GNULinradio/zybo_base_system/source/vivado/hw/zybo_bsd/zybo_bsd.srcs/sources_1/bd/system/ipshared/xilinx.com/axi_infrastructure_v1_1/hdl/verilog/axi_infrastructure_v1_1_vector2axi.v
Duplicated file found; will not be sent for synthesis: /home/mario/Documents/GNULinradio/zybo_base_system/source/vivado/hw/zybo_bsd/zybo_bsd.srcs/sources_1/bd/system/ipshared/xilinx.com/axi_register_slice_v2_1/hdl/verilog/axi_register_slice_v2_1_axic_register_slice.v
Duplicated file found; will not be sent for synthesis: /home/mario/Documents/GNULinradio/zybo_base_system/source/vivado/hw/zybo_bsd/zybo_bsd.srcs/sources_1/bd/system/ipshared/xilinx.com/axi_register_slice_v2_1/hdl/verilog/axi_register_slice_v2_1_axi_register_slice.v
Duplicated file found; will not be sent for synthesis: /home/mario/Documents/GNULinradio/zybo_base_system/source/vivado/hw/zybo_bsd/zybo_bsd.srcs/sources_1/bd/system/ipshared/xilinx.com/axi_infrastructure_v1_1/hdl/verilog/axi_infrastructure_v1_1_0_header.vh
Duplicated file found; will not be sent for synthesis: /home/mario/Documents/GNULinradio/zybo_base_system/source/vivado/hw/zybo_bsd/zybo_bsd.srcs/sources_1/bd/system/ipshared/xilinx.com/axi_infrastructure_v1_1/hdl/verilog/axi_infrastructure_v1_1_axi2vector.v
Duplicated file found; will not be sent for synthesis: /home/mario/Documents/GNULinradio/zybo_base_system/source/vivado/hw/zybo_bsd/zybo_bsd.srcs/sources_1/bd/system/ipshared/xilinx.com/axi_infrastructure_v1_1/hdl/verilog/axi_infrastructure_v1_1_axic_srl_fifo.v
Duplicated file found; will not be sent for synthesis: /home/mario/Documents/GNULinradio/zybo_base_system/source/vivado/hw/zybo_bsd/zybo_bsd.srcs/sources_1/bd/system/ipshared/xilinx.com/axi_infrastructure_v1_1/hdl/verilog/axi_infrastructure_v1_1_vector2axi.v
Duplicated file found; will not be sent for synthesis: /home/mario/Documents/GNULinradio/zybo_base_system/source/vivado/hw/zybo_bsd/zybo_bsd.srcs/sources_1/bd/system/ipshared/xilinx.com/axi_register_slice_v2_1/hdl/verilog/axi_register_slice_v2_1_axic_register_slice.v
Duplicated file found; will not be sent for synthesis: /home/mario/Documents/GNULinradio/zybo_base_system/source/vivado/hw/zybo_bsd/zybo_bsd.srcs/sources_1/bd/system/ipshared/xilinx.com/axi_register_slice_v2_1/hdl/verilog/axi_register_slice_v2_1_axi_register_slice.v
Duplicated file found; will not be sent for synthesis: /home/mario/Documents/GNULinradio/zybo_base_system/source/vivado/hw/zybo_bsd/zybo_bsd.srcs/sources_1/bd/system/ipshared/xilinx.com/axi_infrastructure_v1_1/hdl/verilog/axi_infrastructure_v1_1_0_header.vh
Duplicated file found; will not be sent for synthesis: /home/mario/Documents/GNULinradio/zybo_base_system/source/vivado/hw/zybo_bsd/zybo_bsd.srcs/sources_1/bd/system/ipshared/xilinx.com/axi_infrastructure_v1_1/hdl/verilog/axi_infrastructure_v1_1_axi2vector.v
Duplicated file found; will not be sent for synthesis: /home/mario/Documents/GNULinradio/zybo_base_system/source/vivado/hw/zybo_bsd/zybo_bsd.srcs/sources_1/bd/system/ipshared/xilinx.com/axi_infrastructure_v1_1/hdl/verilog/axi_infrastructure_v1_1_axic_srl_fifo.v
Duplicated file found; will not be sent for synthesis: /home/mario/Documents/GNULinradio/zybo_base_system/source/vivado/hw/zybo_bsd/zybo_bsd.srcs/sources_1/bd/system/ipshared/xilinx.com/axi_infrastructure_v1_1/hdl/verilog/axi_infrastructure_v1_1_vector2axi.v
Duplicated file found; will not be sent for synthesis: /home/mario/Documents/GNULinradio/zybo_base_system/source/vivado/hw/zybo_bsd/zybo_bsd.srcs/sources_1/bd/system/ipshared/xilinx.com/axi_register_slice_v2_1/hdl/verilog/axi_register_slice_v2_1_axic_register_slice.v
Duplicated file found; will not be sent for synthesis: /home/mario/Documents/GNULinradio/zybo_base_system/source/vivado/hw/zybo_bsd/zybo_bsd.srcs/sources_1/bd/system/ipshared/xilinx.com/axi_register_slice_v2_1/hdl/verilog/axi_register_slice_v2_1_axi_register_slice.v
Duplicated file found; will not be sent for synthesis: /home/mario/Documents/GNULinradio/zybo_base_system/source/vivado/hw/zybo_bsd/zybo_bsd.srcs/sources_1/bd/system/ipshared/xilinx.com/axi_infrastructure_v1_1/hdl/verilog/axi_infrastructure_v1_1_0_header.vh
Duplicated file found; will not be sent for synthesis: /home/mario/Documents/GNULinradio/zybo_base_system/source/vivado/hw/zybo_bsd/zybo_bsd.srcs/sources_1/bd/system/ipshared/xilinx.com/axi_infrastructure_v1_1/hdl/verilog/axi_infrastructure_v1_1_axi2vector.v
Duplicated file found; will not be sent for synthesis: /home/mario/Documents/GNULinradio/zybo_base_system/source/vivado/hw/zybo_bsd/zybo_bsd.srcs/sources_1/bd/system/ipshared/xilinx.com/axi_infrastructure_v1_1/hdl/verilog/axi_infrastructure_v1_1_axic_srl_fifo.v
Duplicated file found; will not be sent for synthesis: /home/mario/Documents/GNULinradio/zybo_base_system/source/vivado/hw/zybo_bsd/zybo_bsd.srcs/sources_1/bd/system/ipshared/xilinx.com/axi_infrastructure_v1_1/hdl/verilog/axi_infrastructure_v1_1_vector2axi.v
Duplicated file found; will not be sent for synthesis: /home/mario/Documents/GNULinradio/zybo_base_system/source/vivado/hw/zybo_bsd/zybo_bsd.srcs/sources_1/bd/system/ipshared/xilinx.com/axi_register_slice_v2_1/hdl/verilog/axi_register_slice_v2_1_axic_register_slice.v
Duplicated file found; will not be sent for synthesis: /home/mario/Documents/GNULinradio/zybo_base_system/source/vivado/hw/zybo_bsd/zybo_bsd.srcs/sources_1/bd/system/ipshared/xilinx.com/axi_register_slice_v2_1/hdl/verilog/axi_register_slice_v2_1_axi_register_slice.v
Duplicated file found; will not be sent for synthesis: /home/mario/Documents/GNULinradio/zybo_base_system/source/vivado/hw/zybo_bsd/zybo_bsd.srcs/sources_1/bd/system/ipshared/xilinx.com/generic_baseblocks_v2_1/hdl/verilog/generic_baseblocks_v2_1_carry_and.v
Duplicated file found; will not be sent for synthesis: /home/mario/Documents/GNULinradio/zybo_base_system/source/vivado/hw/zybo_bsd/zybo_bsd.srcs/sources_1/bd/system/ipshared/xilinx.com/generic_baseblocks_v2_1/hdl/verilog/generic_baseblocks_v2_1_carry_latch_and.v
Duplicated file found; will not be sent for synthesis: /home/mario/Documents/GNULinradio/zybo_base_system/source/vivado/hw/zybo_bsd/zybo_bsd.srcs/sources_1/bd/system/ipshared/xilinx.com/generic_baseblocks_v2_1/hdl/verilog/generic_baseblocks_v2_1_carry_latch_or.v
Duplicated file found; will not be sent for synthesis: /home/mario/Documents/GNULinradio/zybo_base_system/source/vivado/hw/zybo_bsd/zybo_bsd.srcs/sources_1/bd/system/ipshared/xilinx.com/generic_baseblocks_v2_1/hdl/verilog/generic_baseblocks_v2_1_carry_or.v
Duplicated file found; will not be sent for synthesis: /home/mario/Documents/GNULinradio/zybo_base_system/source/vivado/hw/zybo_bsd/zybo_bsd.srcs/sources_1/bd/system/ipshared/xilinx.com/generic_baseblocks_v2_1/hdl/verilog/generic_baseblocks_v2_1_carry.v
Duplicated file found; will not be sent for synthesis: /home/mario/Documents/GNULinradio/zybo_base_system/source/vivado/hw/zybo_bsd/zybo_bsd.srcs/sources_1/bd/system/ipshared/xilinx.com/generic_baseblocks_v2_1/hdl/verilog/generic_baseblocks_v2_1_command_fifo.v
Duplicated file found; will not be sent for synthesis: /home/mario/Documents/GNULinradio/zybo_base_system/source/vivado/hw/zybo_bsd/zybo_bsd.srcs/sources_1/bd/system/ipshared/xilinx.com/generic_baseblocks_v2_1/hdl/verilog/generic_baseblocks_v2_1_comparator_mask_static.v
Duplicated file found; will not be sent for synthesis: /home/mario/Documents/GNULinradio/zybo_base_system/source/vivado/hw/zybo_bsd/zybo_bsd.srcs/sources_1/bd/system/ipshared/xilinx.com/generic_baseblocks_v2_1/hdl/verilog/generic_baseblocks_v2_1_comparator_mask.v
Duplicated file found; will not be sent for synthesis: /home/mario/Documents/GNULinradio/zybo_base_system/source/vivado/hw/zybo_bsd/zybo_bsd.srcs/sources_1/bd/system/ipshared/xilinx.com/generic_baseblocks_v2_1/hdl/verilog/generic_baseblocks_v2_1_comparator_sel_mask_static.v
Duplicated file found; will not be sent for synthesis: /home/mario/Documents/GNULinradio/zybo_base_system/source/vivado/hw/zybo_bsd/zybo_bsd.srcs/sources_1/bd/system/ipshared/xilinx.com/generic_baseblocks_v2_1/hdl/verilog/generic_baseblocks_v2_1_comparator_sel_mask.v
Duplicated file found; will not be sent for synthesis: /home/mario/Documents/GNULinradio/zybo_base_system/source/vivado/hw/zybo_bsd/zybo_bsd.srcs/sources_1/bd/system/ipshared/xilinx.com/generic_baseblocks_v2_1/hdl/verilog/generic_baseblocks_v2_1_comparator_sel_static.v
Duplicated file found; will not be sent for synthesis: /home/mario/Documents/GNULinradio/zybo_base_system/source/vivado/hw/zybo_bsd/zybo_bsd.srcs/sources_1/bd/system/ipshared/xilinx.com/generic_baseblocks_v2_1/hdl/verilog/generic_baseblocks_v2_1_comparator_sel.v
Duplicated file found; will not be sent for synthesis: /home/mario/Documents/GNULinradio/zybo_base_system/source/vivado/hw/zybo_bsd/zybo_bsd.srcs/sources_1/bd/system/ipshared/xilinx.com/generic_baseblocks_v2_1/hdl/verilog/generic_baseblocks_v2_1_comparator_static.v
Duplicated file found; will not be sent for synthesis: /home/mario/Documents/GNULinradio/zybo_base_system/source/vivado/hw/zybo_bsd/zybo_bsd.srcs/sources_1/bd/system/ipshared/xilinx.com/generic_baseblocks_v2_1/hdl/verilog/generic_baseblocks_v2_1_comparator.v
Duplicated file found; will not be sent for synthesis: /home/mario/Documents/GNULinradio/zybo_base_system/source/vivado/hw/zybo_bsd/zybo_bsd.srcs/sources_1/bd/system/ipshared/xilinx.com/generic_baseblocks_v2_1/hdl/verilog/generic_baseblocks_v2_1_mux_enc.v
Duplicated file found; will not be sent for synthesis: /home/mario/Documents/GNULinradio/zybo_base_system/source/vivado/hw/zybo_bsd/zybo_bsd.srcs/sources_1/bd/system/ipshared/xilinx.com/generic_baseblocks_v2_1/hdl/verilog/generic_baseblocks_v2_1_mux.v
Duplicated file found; will not be sent for synthesis: /home/mario/Documents/GNULinradio/zybo_base_system/source/vivado/hw/zybo_bsd/zybo_bsd.srcs/sources_1/bd/system/ipshared/xilinx.com/generic_baseblocks_v2_1/hdl/verilog/generic_baseblocks_v2_1_nto1_mux.v
Duplicated file found; will not be sent for synthesis: /home/mario/Documents/GNULinradio/zybo_base_system/source/vivado/hw/zybo_bsd/zybo_bsd.srcs/sources_1/bd/system/ipshared/xilinx.com/axi_data_fifo_v2_1/hdl/verilog/axi_data_fifo_v2_1_axic_fifo.v
Duplicated file found; will not be sent for synthesis: /home/mario/Documents/GNULinradio/zybo_base_system/source/vivado/hw/zybo_bsd/zybo_bsd.srcs/sources_1/bd/system/ipshared/xilinx.com/axi_data_fifo_v2_1/hdl/verilog/axi_data_fifo_v2_1_fifo_gen.v
Duplicated file found; will not be sent for synthesis: /home/mario/Documents/GNULinradio/zybo_base_system/source/vivado/hw/zybo_bsd/zybo_bsd.srcs/sources_1/bd/system/ipshared/xilinx.com/axi_data_fifo_v2_1/hdl/verilog/axi_data_fifo_v2_1_axic_srl_fifo.v
Duplicated file found; will not be sent for synthesis: /home/mario/Documents/GNULinradio/zybo_base_system/source/vivado/hw/zybo_bsd/zybo_bsd.srcs/sources_1/bd/system/ipshared/xilinx.com/axi_data_fifo_v2_1/hdl/verilog/axi_data_fifo_v2_1_axic_reg_srl_fifo.v
Duplicated file found; will not be sent for synthesis: /home/mario/Documents/GNULinradio/zybo_base_system/source/vivado/hw/zybo_bsd/zybo_bsd.srcs/sources_1/bd/system/ipshared/xilinx.com/axi_data_fifo_v2_1/hdl/verilog/axi_data_fifo_v2_1_ndeep_srl.v
Duplicated file found; will not be sent for synthesis: /home/mario/Documents/GNULinradio/zybo_base_system/source/vivado/hw/zybo_bsd/zybo_bsd.srcs/sources_1/bd/system/ipshared/xilinx.com/axi_data_fifo_v2_1/hdl/verilog/axi_data_fifo_v2_1_axi_data_fifo.v
Duplicated file found; will not be sent for synthesis: /home/mario/Documents/GNULinradio/zybo_base_system/source/vivado/hw/zybo_bsd/zybo_bsd.srcs/sources_1/bd/system/ipshared/xilinx.com/axi_infrastructure_v1_1/hdl/verilog/axi_infrastructure_v1_1_0_header.vh
Duplicated file found; will not be sent for synthesis: /home/mario/Documents/GNULinradio/zybo_base_system/source/vivado/hw/zybo_bsd/zybo_bsd.srcs/sources_1/bd/system/ipshared/xilinx.com/axi_infrastructure_v1_1/hdl/verilog/axi_infrastructure_v1_1_axi2vector.v
Duplicated file found; will not be sent for synthesis: /home/mario/Documents/GNULinradio/zybo_base_system/source/vivado/hw/zybo_bsd/zybo_bsd.srcs/sources_1/bd/system/ipshared/xilinx.com/axi_infrastructure_v1_1/hdl/verilog/axi_infrastructure_v1_1_axic_srl_fifo.v
Duplicated file found; will not be sent for synthesis: /home/mario/Documents/GNULinradio/zybo_base_system/source/vivado/hw/zybo_bsd/zybo_bsd.srcs/sources_1/bd/system/ipshared/xilinx.com/axi_infrastructure_v1_1/hdl/verilog/axi_infrastructure_v1_1_vector2axi.v
Duplicated file found; will not be sent for synthesis: /home/mario/Documents/GNULinradio/zybo_base_system/source/vivado/hw/zybo_bsd/zybo_bsd.srcs/sources_1/bd/system/ipshared/xilinx.com/axi_register_slice_v2_1/hdl/verilog/axi_register_slice_v2_1_axic_register_slice.v
Duplicated file found; will not be sent for synthesis: /home/mario/Documents/GNULinradio/zybo_base_system/source/vivado/hw/zybo_bsd/zybo_bsd.srcs/sources_1/bd/system/ipshared/xilinx.com/axi_register_slice_v2_1/hdl/verilog/axi_register_slice_v2_1_axi_register_slice.v
Duplicated file found; will not be sent for synthesis: /home/mario/Documents/GNULinradio/zybo_base_system/source/vivado/hw/zybo_bsd/zybo_bsd.srcs/sources_1/bd/system/ipshared/xilinx.com/axi_protocol_converter_v2_1/hdl/verilog/axi_protocol_converter_v2_1_a_axi3_conv.v
Duplicated file found; will not be sent for synthesis: /home/mario/Documents/GNULinradio/zybo_base_system/source/vivado/hw/zybo_bsd/zybo_bsd.srcs/sources_1/bd/system/ipshared/xilinx.com/axi_protocol_converter_v2_1/hdl/verilog/axi_protocol_converter_v2_1_axi3_conv.v
Duplicated file found; will not be sent for synthesis: /home/mario/Documents/GNULinradio/zybo_base_system/source/vivado/hw/zybo_bsd/zybo_bsd.srcs/sources_1/bd/system/ipshared/xilinx.com/axi_protocol_converter_v2_1/hdl/verilog/axi_protocol_converter_v2_1_axilite_conv.v
Duplicated file found; will not be sent for synthesis: /home/mario/Documents/GNULinradio/zybo_base_system/source/vivado/hw/zybo_bsd/zybo_bsd.srcs/sources_1/bd/system/ipshared/xilinx.com/axi_protocol_converter_v2_1/hdl/verilog/axi_protocol_converter_v2_1_r_axi3_conv.v
Duplicated file found; will not be sent for synthesis: /home/mario/Documents/GNULinradio/zybo_base_system/source/vivado/hw/zybo_bsd/zybo_bsd.srcs/sources_1/bd/system/ipshared/xilinx.com/axi_protocol_converter_v2_1/hdl/verilog/axi_protocol_converter_v2_1_w_axi3_conv.v
Duplicated file found; will not be sent for synthesis: /home/mario/Documents/GNULinradio/zybo_base_system/source/vivado/hw/zybo_bsd/zybo_bsd.srcs/sources_1/bd/system/ipshared/xilinx.com/axi_protocol_converter_v2_1/hdl/verilog/axi_protocol_converter_v2_1_b_downsizer.v
Duplicated file found; will not be sent for synthesis: /home/mario/Documents/GNULinradio/zybo_base_system/source/vivado/hw/zybo_bsd/zybo_bsd.srcs/sources_1/bd/system/ipshared/xilinx.com/axi_protocol_converter_v2_1/hdl/verilog/axi_protocol_converter_v2_1_decerr_slave.v
Duplicated file found; will not be sent for synthesis: /home/mario/Documents/GNULinradio/zybo_base_system/source/vivado/hw/zybo_bsd/zybo_bsd.srcs/sources_1/bd/system/ipshared/xilinx.com/axi_protocol_converter_v2_1/hdl/verilog/axi_protocol_converter_v2_1_b2s_simple_fifo.v
Duplicated file found; will not be sent for synthesis: /home/mario/Documents/GNULinradio/zybo_base_system/source/vivado/hw/zybo_bsd/zybo_bsd.srcs/sources_1/bd/system/ipshared/xilinx.com/axi_protocol_converter_v2_1/hdl/verilog/axi_protocol_converter_v2_1_b2s_wrap_cmd.v
Duplicated file found; will not be sent for synthesis: /home/mario/Documents/GNULinradio/zybo_base_system/source/vivado/hw/zybo_bsd/zybo_bsd.srcs/sources_1/bd/system/ipshared/xilinx.com/axi_protocol_converter_v2_1/hdl/verilog/axi_protocol_converter_v2_1_b2s_incr_cmd.v
Duplicated file found; will not be sent for synthesis: /home/mario/Documents/GNULinradio/zybo_base_system/source/vivado/hw/zybo_bsd/zybo_bsd.srcs/sources_1/bd/system/ipshared/xilinx.com/axi_protocol_converter_v2_1/hdl/verilog/axi_protocol_converter_v2_1_b2s_wr_cmd_fsm.v
Duplicated file found; will not be sent for synthesis: /home/mario/Documents/GNULinradio/zybo_base_system/source/vivado/hw/zybo_bsd/zybo_bsd.srcs/sources_1/bd/system/ipshared/xilinx.com/axi_protocol_converter_v2_1/hdl/verilog/axi_protocol_converter_v2_1_b2s_rd_cmd_fsm.v
Duplicated file found; will not be sent for synthesis: /home/mario/Documents/GNULinradio/zybo_base_system/source/vivado/hw/zybo_bsd/zybo_bsd.srcs/sources_1/bd/system/ipshared/xilinx.com/axi_protocol_converter_v2_1/hdl/verilog/axi_protocol_converter_v2_1_b2s_cmd_translator.v
Duplicated file found; will not be sent for synthesis: /home/mario/Documents/GNULinradio/zybo_base_system/source/vivado/hw/zybo_bsd/zybo_bsd.srcs/sources_1/bd/system/ipshared/xilinx.com/axi_protocol_converter_v2_1/hdl/verilog/axi_protocol_converter_v2_1_b2s_b_channel.v
Duplicated file found; will not be sent for synthesis: /home/mario/Documents/GNULinradio/zybo_base_system/source/vivado/hw/zybo_bsd/zybo_bsd.srcs/sources_1/bd/system/ipshared/xilinx.com/axi_protocol_converter_v2_1/hdl/verilog/axi_protocol_converter_v2_1_b2s_r_channel.v
Duplicated file found; will not be sent for synthesis: /home/mario/Documents/GNULinradio/zybo_base_system/source/vivado/hw/zybo_bsd/zybo_bsd.srcs/sources_1/bd/system/ipshared/xilinx.com/axi_protocol_converter_v2_1/hdl/verilog/axi_protocol_converter_v2_1_b2s_aw_channel.v
Duplicated file found; will not be sent for synthesis: /home/mario/Documents/GNULinradio/zybo_base_system/source/vivado/hw/zybo_bsd/zybo_bsd.srcs/sources_1/bd/system/ipshared/xilinx.com/axi_protocol_converter_v2_1/hdl/verilog/axi_protocol_converter_v2_1_b2s_ar_channel.v
Duplicated file found; will not be sent for synthesis: /home/mario/Documents/GNULinradio/zybo_base_system/source/vivado/hw/zybo_bsd/zybo_bsd.srcs/sources_1/bd/system/ipshared/xilinx.com/axi_protocol_converter_v2_1/hdl/verilog/axi_protocol_converter_v2_1_b2s.v
Duplicated file found; will not be sent for synthesis: /home/mario/Documents/GNULinradio/zybo_base_system/source/vivado/hw/zybo_bsd/zybo_bsd.srcs/sources_1/bd/system/ipshared/xilinx.com/axi_protocol_converter_v2_1/hdl/verilog/axi_protocol_converter_v2_1_axi_protocol_converter.v
Duplicated file found; will not be sent for synthesis: /home/mario/Documents/GNULinradio/zybo_base_system/source/vivado/hw/zybo_bsd/zybo_bsd.srcs/sources_1/bd/system/ipshared/xilinx.com/blk_mem_gen_v8_3/hdl/blk_mem_gen_v8_3_vhsyn_rfs.vhd
Duplicated file found; will not be sent for synthesis: /home/mario/Documents/GNULinradio/zybo_base_system/source/vivado/hw/zybo_bsd/zybo_bsd.srcs/sources_1/bd/system/ipshared/xilinx.com/blk_mem_gen_v8_3/hdl/blk_mem_gen_v8_3.vhd
Duplicated file found; will not be sent for synthesis: /home/mario/Documents/GNULinradio/zybo_base_system/source/vivado/hw/zybo_bsd/zybo_bsd.srcs/sources_1/bd/system/ipshared/xilinx.com/fifo_generator_v13_0/hdl/fifo_generator_v13_0_vhsyn_rfs.vhd
Duplicated file found; will not be sent for synthesis: /home/mario/Documents/GNULinradio/zybo_base_system/source/vivado/hw/zybo_bsd/zybo_bsd.srcs/sources_1/bd/system/ipshared/xilinx.com/fifo_generator_v13_0/hdl/fifo_generator_v13_0.vhd
CRC performance measure: elapsed=00:00:00s;;memory_peak=1632.805MB;;memory_gain=0.000MB
