#-----------------------------------------------------------
# Webtalk v2015.4 (64-bit)
# SW Build 1412921 on Wed Nov 18 09:44:32 MST 2015
# 
# Start of session at: Tue Jul 26 17:27:39 2016
# Process ID: 31990
# Current directory: /home/mario/Documents/GNULinradio/zybo_base_system/source/vivado/hw/zybo_bsd/zybo_bsd.sdk/webtalk
# Command line: wbtcv -mode batch -source sdk_webtalk.tcl
# Log file: /home/mario/Documents/GNULinradio/zybo_base_system/source/vivado/hw/zybo_bsd/zybo_bsd.sdk/webtalk/webtalk.log
# Journal file: /home/mario/Documents/GNULinradio/zybo_base_system/source/vivado/hw/zybo_bsd/zybo_bsd.sdk/webtalk/webtalk.jou
#-----------------------------------------------------------
source sdk_webtalk.tcl
# webtalk_init -webtalk_dir /home/mario/Documents/GNULinradio/zybo_base_system/source/vivado/hw/zybo_bsd/zybo_bsd.sdk/webtalk
# webtalk_register_client -client project
# webtalk_add_data -client project -key date_generated -value "Tue Jul 26 17:27:38 2016" -context "software_version_and_target_device"
# webtalk_add_data -client project -key product_version -value "SDK v2015.4" -context "software_version_and_target_device"
# webtalk_add_data -client project -key build_version -value "2015.4" -context "software_version_and_target_device"
# webtalk_add_data -client project -key os_platform -value "amd64" -context "software_version_and_target_device"
# webtalk_add_data -client project -key registration_id -value "" -context "software_version_and_target_device"
# webtalk_add_data -client project -key tool_flow -value "SDK" -context "software_version_and_target_device"
# webtalk_add_data -client project -key beta -value "false" -context "software_version_and_target_device"
# webtalk_add_data -client project -key route_design -value "NA" -context "software_version_and_target_device"
# webtalk_add_data -client project -key target_family -value "NA" -context "software_version_and_target_device"
# webtalk_add_data -client project -key target_device -value "NA" -context "software_version_and_target_device"
# webtalk_add_data -client project -key target_package -value "NA" -context "software_version_and_target_device"
# webtalk_add_data -client project -key target_speed -value "NA" -context "software_version_and_target_device"
# webtalk_add_data -client project -key random_id -value "93bctmfemesrt7elu5t107cu2t" -context "software_version_and_target_device"
# webtalk_add_data -client project -key project_id -value "2015.4_2" -context "software_version_and_target_device"
# webtalk_add_data -client project -key project_iteration -value "2" -context "software_version_and_target_device"
# webtalk_add_data -client project -key os_name -value "" -context "user_environment"
# webtalk_add_data -client project -key os_release -value "" -context "user_environment"
# webtalk_add_data -client project -key cpu_name -value "" -context "user_environment"
# webtalk_add_data -client project -key cpu_speed -value "" -context "user_environment"
# webtalk_add_data -client project -key total_processors -value "" -context "user_environment"
# webtalk_add_data -client project -key system_ram -value "" -context "user_environment"
# webtalk_register_client -client sdk
# webtalk_add_data -client sdk -key uid -value "1469543533000" -context "sdk\\\\bsp/1469543533000"
# webtalk_add_data -client sdk -key hwid -value "1469295843000" -context "sdk\\\\bsp/1469543533000"
# webtalk_add_data -client sdk -key os -value "standalone" -context "sdk\\\\bsp/1469543533000"
# webtalk_add_data -client sdk -key apptemplate -value "hello_world" -context "sdk\\\\bsp/1469543533000"
# webtalk_add_data -client sdk -key uid -value "1469543540000" -context "sdk\\\\application/1469543540000"
# webtalk_add_data -client sdk -key hwid -value "1469295843000" -context "sdk\\\\application/1469543540000"
# webtalk_add_data -client sdk -key bspid -value "1469543533000" -context "sdk\\\\application/1469543540000"
# webtalk_add_data -client sdk -key newbsp -value "true" -context "sdk\\\\application/1469543540000"
# webtalk_add_data -client sdk -key os -value "standalone" -context "sdk\\\\application/1469543540000"
# webtalk_add_data -client sdk -key apptemplate -value "hello_world" -context "sdk\\\\application/1469543540000"
# webtalk_add_data -client sdk -key uid -value "1469543652000" -context "sdk\\\\bsp/1469543652000"
# webtalk_add_data -client sdk -key hwid -value "1469295843000" -context "sdk\\\\bsp/1469543652000"
# webtalk_add_data -client sdk -key os -value "standalone" -context "sdk\\\\bsp/1469543652000"
# webtalk_add_data -client sdk -key apptemplate -value "zynq_fsbl" -context "sdk\\\\bsp/1469543652000"
# webtalk_add_data -client sdk -key uid -value "1469543662000" -context "sdk\\\\application/1469543662000"
# webtalk_add_data -client sdk -key hwid -value "1469295843000" -context "sdk\\\\application/1469543662000"
# webtalk_add_data -client sdk -key bspid -value "1469543652000" -context "sdk\\\\application/1469543662000"
# webtalk_add_data -client sdk -key newbsp -value "true" -context "sdk\\\\application/1469543662000"
# webtalk_add_data -client sdk -key os -value "standalone" -context "sdk\\\\application/1469543662000"
# webtalk_add_data -client sdk -key apptemplate -value "zynq_fsbl" -context "sdk\\\\application/1469543662000"
# webtalk_transmit -clientid 3729935908 -regid "" -xml /home/mario/Documents/GNULinradio/zybo_base_system/source/vivado/hw/zybo_bsd/zybo_bsd.sdk/webtalk/usage_statistics_ext_sdk.xml -html /home/mario/Documents/GNULinradio/zybo_base_system/source/vivado/hw/zybo_bsd/zybo_bsd.sdk/webtalk/usage_statistics_ext_sdk.html -wdm /home/mario/Documents/GNULinradio/zybo_base_system/source/vivado/hw/zybo_bsd/zybo_bsd.sdk/webtalk/sdk_webtalk.wdm -intro "<H3>SDK Usage Report</H3><BR>"
# webtalk_terminate
INFO: [Common 17-206] Exiting Webtalk at Tue Jul 26 17:27:40 2016...
